Dvorak-9 Criteria Correlation Analysis - Bigram Speed
================================================================================
Configuration:
  Max bigrams: unlimited
  Random seed: 42
  Middle column keys: b, g, h, n, t, y
  Analysis includes both raw and frequency-adjusted correlations
  Using canonical scoring from dvorak9_scorer.py

Loading frequency data...
🔍 Loading frequency data for regression analysis...
   (This uses pre-calculated English language frequencies, NOT sample frequencies)
✅ Loaded bigram frequency data: 669 entries
   Columns: ['letter_pair', 'score']
   Sample bigram frequencies:
Reading typing data files...
Reading bigram data from ../process_3.5M_keystrokes/output/bigram_times.csv...
📋 BIGRAM DATA QUALITY VERIFICATION
   Expected: Correctly typed bigrams from correctly typed words
   Required CSV columns: 'bigram', 'interkey_interval'
   Found columns: ['participant_id', 'sentence_id', 'bigram', 'interkey_interval', 'timestamp1', 'timestamp2']
   Sample bigrams from CSV:
     'th': 137ms
     'he': 72ms
     'ot': 214ms
     'th': 183ms
     'he': 73ms
   Total bigrams in file: 19,809,877
   Quality indicators:
     Common English bigrams in sample: 5/10 (50%)
     Suspicious bigrams (repeated/invalid chars): 0/10 (0%)
   ✅ Proceeding with data loading...
Loaded 19,809,877 valid bigrams
📊 FINAL DATA QUALITY SUMMARY:
   Unique bigrams: 413
   Common English bigrams: 3,842,346 (19.4%)
   Average time: 172.2ms ± 147.3ms
   ✅ Data quality looks reasonable
Filtered 414,280/19,809,877 bigrams using absolute thresholds (50-2000ms)
  Kept 19,395,597 bigrams (97.9%)
  Time range: 50.0 - 2000.0ms
Creating plots in 'plots/' directory...

================================================================================
STARTING BIGRAM CORRELATION ANALYSIS
================================================================================

BIGRAM ANALYSIS
Splitting 19,395,597 bigrams by middle column key usage...
✅ Bigrams without middle columns: 10,800,898
✅ Bigrams with middle columns: 8,594,699

--- Analyzing Bigrams (No Middle Columns) ---
Group size: 10,800,898 bigrams
✅ ANALYZING Bigrams (No Middle Columns): 10,800,898 bigrams
Examples: er, rs, ra, ai, is
  Raw Analysis:
  Calculating Dvorak scores for 10,800,898 sequences...
      Sample scores for 'er': {'hands': '0.000', 'fingers': '1.000', 'skip_fingers': '0.000', 'dont_cross_home': '1.000', 'same_row': '1.000', 'home_row': '0.000', 'columns': '1.000', 'strum': '1.000', 'strong_fingers': '1.000'}
      Sample scores for 'rs': {'hands': '0.000', 'fingers': '1.000', 'skip_fingers': '0.500', 'dont_cross_home': '1.000', 'same_row': '0.000', 'home_row': '0.500', 'columns': '1.000', 'strum': '0.000', 'strong_fingers': '0.500'}
      Sample scores for 'ra': {'hands': '0.000', 'fingers': '1.000', 'skip_fingers': '1.000', 'dont_cross_home': '1.000', 'same_row': '0.000', 'home_row': '0.500', 'columns': '1.000', 'strum': '0.000', 'strong_fingers': '0.500'}
    Progress: 100,000/10,800,898 (0.9%) - 0.6s
    Progress: 200,000/10,800,898 (1.9%) - 1.1s
    Progress: 300,000/10,800,898 (2.8%) - 1.6s
    Progress: 400,000/10,800,898 (3.7%) - 2.2s
    Progress: 500,000/10,800,898 (4.6%) - 2.7s
    Progress: 600,000/10,800,898 (5.6%) - 3.3s
    Progress: 700,000/10,800,898 (6.5%) - 3.8s
    Progress: 800,000/10,800,898 (7.4%) - 4.3s
    Progress: 900,000/10,800,898 (8.3%) - 4.9s
    Progress: 1,000,000/10,800,898 (9.3%) - 5.4s
    Progress: 1,100,000/10,800,898 (10.2%) - 5.9s
    Progress: 1,200,000/10,800,898 (11.1%) - 6.5s
    Progress: 1,300,000/10,800,898 (12.0%) - 7.0s
    Progress: 1,400,000/10,800,898 (13.0%) - 7.5s
    Progress: 1,500,000/10,800,898 (13.9%) - 8.0s
    Progress: 1,600,000/10,800,898 (14.8%) - 8.6s
    Progress: 1,700,000/10,800,898 (15.7%) - 9.1s
    Progress: 1,800,000/10,800,898 (16.7%) - 9.6s
    Progress: 1,900,000/10,800,898 (17.6%) - 10.1s
    Progress: 2,000,000/10,800,898 (18.5%) - 10.7s
    Progress: 2,100,000/10,800,898 (19.4%) - 11.2s
    Progress: 2,200,000/10,800,898 (20.4%) - 11.7s
    Progress: 2,300,000/10,800,898 (21.3%) - 12.2s
    Progress: 2,400,000/10,800,898 (22.2%) - 12.8s
    Progress: 2,500,000/10,800,898 (23.1%) - 13.3s
    Progress: 2,600,000/10,800,898 (24.1%) - 13.8s
    Progress: 2,700,000/10,800,898 (25.0%) - 14.4s
    Progress: 2,800,000/10,800,898 (25.9%) - 14.9s
    Progress: 2,900,000/10,800,898 (26.8%) - 15.4s
    Progress: 3,000,000/10,800,898 (27.8%) - 15.9s
    Progress: 3,100,000/10,800,898 (28.7%) - 16.5s
    Progress: 3,200,000/10,800,898 (29.6%) - 17.0s
    Progress: 3,300,000/10,800,898 (30.6%) - 17.5s
    Progress: 3,400,000/10,800,898 (31.5%) - 18.1s
    Progress: 3,500,000/10,800,898 (32.4%) - 18.6s
    Progress: 3,600,000/10,800,898 (33.3%) - 19.1s
    Progress: 3,700,000/10,800,898 (34.3%) - 19.6s
    Progress: 3,800,000/10,800,898 (35.2%) - 20.2s
    Progress: 3,900,000/10,800,898 (36.1%) - 20.7s
    Progress: 4,000,000/10,800,898 (37.0%) - 21.2s
    Progress: 4,100,000/10,800,898 (38.0%) - 21.7s
    Progress: 4,200,000/10,800,898 (38.9%) - 22.3s
    Progress: 4,300,000/10,800,898 (39.8%) - 22.8s
    Progress: 4,400,000/10,800,898 (40.7%) - 23.3s
    Progress: 4,500,000/10,800,898 (41.7%) - 23.8s
    Progress: 4,600,000/10,800,898 (42.6%) - 24.4s
    Progress: 4,700,000/10,800,898 (43.5%) - 24.9s
    Progress: 4,800,000/10,800,898 (44.4%) - 25.4s
    Progress: 4,900,000/10,800,898 (45.4%) - 25.9s
    Progress: 5,000,000/10,800,898 (46.3%) - 26.5s
    Progress: 5,100,000/10,800,898 (47.2%) - 27.0s
    Progress: 5,200,000/10,800,898 (48.1%) - 27.5s
    Progress: 5,300,000/10,800,898 (49.1%) - 28.1s
    Progress: 5,400,000/10,800,898 (50.0%) - 28.6s
    Progress: 5,500,000/10,800,898 (50.9%) - 29.1s
    Progress: 5,600,000/10,800,898 (51.8%) - 29.7s
    Progress: 5,700,000/10,800,898 (52.8%) - 30.2s
    Progress: 5,800,000/10,800,898 (53.7%) - 30.7s
    Progress: 5,900,000/10,800,898 (54.6%) - 31.2s
    Progress: 6,000,000/10,800,898 (55.6%) - 31.8s
    Progress: 6,100,000/10,800,898 (56.5%) - 32.3s
    Progress: 6,200,000/10,800,898 (57.4%) - 32.8s
    Progress: 6,300,000/10,800,898 (58.3%) - 33.3s
    Progress: 6,400,000/10,800,898 (59.3%) - 33.9s
    Progress: 6,500,000/10,800,898 (60.2%) - 34.4s
    Progress: 6,600,000/10,800,898 (61.1%) - 34.9s
    Progress: 6,700,000/10,800,898 (62.0%) - 35.4s
    Progress: 6,800,000/10,800,898 (63.0%) - 36.0s
    Progress: 6,900,000/10,800,898 (63.9%) - 36.5s
    Progress: 7,000,000/10,800,898 (64.8%) - 37.0s
    Progress: 7,100,000/10,800,898 (65.7%) - 37.6s
    Progress: 7,200,000/10,800,898 (66.7%) - 38.1s
    Progress: 7,300,000/10,800,898 (67.6%) - 38.6s
    Progress: 7,400,000/10,800,898 (68.5%) - 39.1s
    Progress: 7,500,000/10,800,898 (69.4%) - 39.7s
    Progress: 7,600,000/10,800,898 (70.4%) - 40.2s
    Progress: 7,700,000/10,800,898 (71.3%) - 40.7s
    Progress: 7,800,000/10,800,898 (72.2%) - 41.3s
    Progress: 7,900,000/10,800,898 (73.1%) - 41.8s
    Progress: 8,000,000/10,800,898 (74.1%) - 42.3s
    Progress: 8,100,000/10,800,898 (75.0%) - 42.8s
    Progress: 8,200,000/10,800,898 (75.9%) - 43.3s
    Progress: 8,300,000/10,800,898 (76.8%) - 43.9s
    Progress: 8,400,000/10,800,898 (77.8%) - 44.4s
    Progress: 8,500,000/10,800,898 (78.7%) - 44.9s
    Progress: 8,600,000/10,800,898 (79.6%) - 45.4s
    Progress: 8,700,000/10,800,898 (80.5%) - 46.0s
    Progress: 8,800,000/10,800,898 (81.5%) - 46.5s
    Progress: 8,900,000/10,800,898 (82.4%) - 47.1s
    Progress: 9,000,000/10,800,898 (83.3%) - 47.6s
    Progress: 9,100,000/10,800,898 (84.3%) - 48.1s
    Progress: 9,200,000/10,800,898 (85.2%) - 48.6s
    Progress: 9,300,000/10,800,898 (86.1%) - 49.2s
    Progress: 9,400,000/10,800,898 (87.0%) - 49.7s
    Progress: 9,500,000/10,800,898 (88.0%) - 50.3s
    Progress: 9,600,000/10,800,898 (88.9%) - 50.8s
    Progress: 9,700,000/10,800,898 (89.8%) - 51.4s
    Progress: 9,800,000/10,800,898 (90.7%) - 51.9s
    Progress: 9,900,000/10,800,898 (91.7%) - 52.4s
    Progress: 10,000,000/10,800,898 (92.6%) - 52.9s
    Progress: 10,100,000/10,800,898 (93.5%) - 53.5s
    Progress: 10,200,000/10,800,898 (94.4%) - 54.0s
    Progress: 10,300,000/10,800,898 (95.4%) - 54.5s
    Progress: 10,400,000/10,800,898 (96.3%) - 55.1s
    Progress: 10,500,000/10,800,898 (97.2%) - 55.6s
    Progress: 10,600,000/10,800,898 (98.1%) - 56.1s
    Progress: 10,700,000/10,800,898 (99.1%) - 56.7s
    Progress: 10,800,000/10,800,898 (100.0%) - 57.2s
    Completed score calculation in 57.2s                                                  
    Valid sequences for analysis: 10,800,898
    Calculating correlations for 9 criteria...
    Warning: columns has constant scores (1 unique values)
    Correlation analysis complete
    ⚠️  Criteria with constant scores: 1
      • columns: 1 unique values, std=0.000000
    💡 Possible causes of constant/low-variation scores:
      • Sample may be too small or not diverse enough
      • Bigrams may not trigger certain criteria (e.g., columns)
      • Filtering may have removed sequences with variation
  🔍 Starting frequency adjustment for bigrams...
      Input: 10,800,898 sequences, 669 frequency entries
      Frequency data columns: ['letter_pair', 'score']
      ❌ Required columns not found in frequency data
  Freq Adjusted Analysis:
  Calculating Dvorak scores for 10,800,898 sequences...
      Sample scores for 'er': {'hands': '0.000', 'fingers': '1.000', 'skip_fingers': '0.000', 'dont_cross_home': '1.000', 'same_row': '1.000', 'home_row': '0.000', 'columns': '1.000', 'strum': '1.000', 'strong_fingers': '1.000'}
      Sample scores for 'rs': {'hands': '0.000', 'fingers': '1.000', 'skip_fingers': '0.500', 'dont_cross_home': '1.000', 'same_row': '0.000', 'home_row': '0.500', 'columns': '1.000', 'strum': '0.000', 'strong_fingers': '0.500'}
      Sample scores for 'ra': {'hands': '0.000', 'fingers': '1.000', 'skip_fingers': '1.000', 'dont_cross_home': '1.000', 'same_row': '0.000', 'home_row': '0.500', 'columns': '1.000', 'strum': '0.000', 'strong_fingers': '0.500'}
    Progress: 100,000/10,800,898 (0.9%) - 1.2s
    Progress: 200,000/10,800,898 (1.9%) - 1.7s
    Progress: 300,000/10,800,898 (2.8%) - 2.2s
    Progress: 400,000/10,800,898 (3.7%) - 2.8s
    Progress: 500,000/10,800,898 (4.6%) - 3.3s
    Progress: 600,000/10,800,898 (5.6%) - 3.8s
    Progress: 700,000/10,800,898 (6.5%) - 4.4s
    Progress: 800,000/10,800,898 (7.4%) - 4.9s
    Progress: 900,000/10,800,898 (8.3%) - 5.5s
    Progress: 1,000,000/10,800,898 (9.3%) - 6.0s
    Progress: 1,100,000/10,800,898 (10.2%) - 6.6s
    Progress: 1,200,000/10,800,898 (11.1%) - 7.1s
    Progress: 1,300,000/10,800,898 (12.0%) - 7.6s
    Progress: 1,400,000/10,800,898 (13.0%) - 8.2s
    Progress: 1,500,000/10,800,898 (13.9%) - 8.7s
    Progress: 1,600,000/10,800,898 (14.8%) - 9.2s
    Progress: 1,700,000/10,800,898 (15.7%) - 9.8s
    Progress: 1,800,000/10,800,898 (16.7%) - 10.3s
    Progress: 1,900,000/10,800,898 (17.6%) - 10.8s
    Progress: 2,000,000/10,800,898 (18.5%) - 11.3s
    Progress: 2,100,000/10,800,898 (19.4%) - 11.9s
    Progress: 2,200,000/10,800,898 (20.4%) - 12.4s
    Progress: 2,300,000/10,800,898 (21.3%) - 12.9s
    Progress: 2,400,000/10,800,898 (22.2%) - 13.4s
    Progress: 2,500,000/10,800,898 (23.1%) - 14.0s
    Progress: 2,600,000/10,800,898 (24.1%) - 14.5s
    Progress: 2,700,000/10,800,898 (25.0%) - 15.1s
    Progress: 2,800,000/10,800,898 (25.9%) - 15.7s
    Progress: 2,900,000/10,800,898 (26.8%) - 16.2s
    Progress: 3,000,000/10,800,898 (27.8%) - 16.8s
    Progress: 3,100,000/10,800,898 (28.7%) - 17.3s
    Progress: 3,200,000/10,800,898 (29.6%) - 17.9s
    Progress: 3,300,000/10,800,898 (30.6%) - 18.4s
    Progress: 3,400,000/10,800,898 (31.5%) - 19.0s
    Progress: 3,500,000/10,800,898 (32.4%) - 19.6s
    Progress: 3,600,000/10,800,898 (33.3%) - 20.1s
    Progress: 3,700,000/10,800,898 (34.3%) - 20.7s
    Progress: 3,800,000/10,800,898 (35.2%) - 21.2s
    Progress: 3,900,000/10,800,898 (36.1%) - 21.8s
    Progress: 4,000,000/10,800,898 (37.0%) - 22.4s
    Progress: 4,100,000/10,800,898 (38.0%) - 22.9s
    Progress: 4,200,000/10,800,898 (38.9%) - 23.5s
    Progress: 4,300,000/10,800,898 (39.8%) - 24.0s
    Progress: 4,400,000/10,800,898 (40.7%) - 24.6s
    Progress: 4,500,000/10,800,898 (41.7%) - 25.2s
    Progress: 4,600,000/10,800,898 (42.6%) - 25.7s
    Progress: 4,700,000/10,800,898 (43.5%) - 26.3s
    Progress: 4,800,000/10,800,898 (44.4%) - 26.8s
    Progress: 4,900,000/10,800,898 (45.4%) - 27.4s
    Progress: 5,000,000/10,800,898 (46.3%) - 28.0s
    Progress: 5,100,000/10,800,898 (47.2%) - 28.5s
    Progress: 5,200,000/10,800,898 (48.1%) - 29.0s
    Progress: 5,300,000/10,800,898 (49.1%) - 29.5s
    Progress: 5,400,000/10,800,898 (50.0%) - 30.1s
    Progress: 5,500,000/10,800,898 (50.9%) - 30.6s
    Progress: 5,600,000/10,800,898 (51.8%) - 31.1s
    Progress: 5,700,000/10,800,898 (52.8%) - 31.6s
    Progress: 5,800,000/10,800,898 (53.7%) - 32.2s
    Progress: 5,900,000/10,800,898 (54.6%) - 32.7s
    Progress: 6,000,000/10,800,898 (55.6%) - 33.2s
    Progress: 6,100,000/10,800,898 (56.5%) - 33.7s
    Progress: 6,200,000/10,800,898 (57.4%) - 34.3s
    Progress: 6,300,000/10,800,898 (58.3%) - 34.8s
    Progress: 6,400,000/10,800,898 (59.3%) - 35.3s
    Progress: 6,500,000/10,800,898 (60.2%) - 35.9s
    Progress: 6,600,000/10,800,898 (61.1%) - 36.4s
    Progress: 6,700,000/10,800,898 (62.0%) - 36.9s
    Progress: 6,800,000/10,800,898 (63.0%) - 37.5s
    Progress: 6,900,000/10,800,898 (63.9%) - 38.0s
    Progress: 7,000,000/10,800,898 (64.8%) - 38.5s
    Progress: 7,100,000/10,800,898 (65.7%) - 39.1s
    Progress: 7,200,000/10,800,898 (66.7%) - 39.6s
    Progress: 7,300,000/10,800,898 (67.6%) - 40.1s
    Progress: 7,400,000/10,800,898 (68.5%) - 40.6s
    Progress: 7,500,000/10,800,898 (69.4%) - 41.2s
    Progress: 7,600,000/10,800,898 (70.4%) - 41.7s
    Progress: 7,700,000/10,800,898 (71.3%) - 42.2s
    Progress: 7,800,000/10,800,898 (72.2%) - 42.8s
    Progress: 7,900,000/10,800,898 (73.1%) - 43.3s
    Progress: 8,000,000/10,800,898 (74.1%) - 43.8s
    Progress: 8,100,000/10,800,898 (75.0%) - 44.3s
    Progress: 8,200,000/10,800,898 (75.9%) - 44.9s
    Progress: 8,300,000/10,800,898 (76.8%) - 45.4s
    Progress: 8,400,000/10,800,898 (77.8%) - 45.9s
    Progress: 8,500,000/10,800,898 (78.7%) - 46.5s
    Progress: 8,600,000/10,800,898 (79.6%) - 47.0s
    Progress: 8,700,000/10,800,898 (80.5%) - 47.5s
    Progress: 8,800,000/10,800,898 (81.5%) - 48.0s
    Progress: 8,900,000/10,800,898 (82.4%) - 48.6s
    Progress: 9,000,000/10,800,898 (83.3%) - 49.1s
    Progress: 9,100,000/10,800,898 (84.3%) - 49.6s
    Progress: 9,200,000/10,800,898 (85.2%) - 50.2s
    Progress: 9,300,000/10,800,898 (86.1%) - 50.7s
    Progress: 9,400,000/10,800,898 (87.0%) - 51.2s
    Progress: 9,500,000/10,800,898 (88.0%) - 51.8s
    Progress: 9,600,000/10,800,898 (88.9%) - 52.3s
    Progress: 9,700,000/10,800,898 (89.8%) - 52.8s
    Progress: 9,800,000/10,800,898 (90.7%) - 53.3s
    Progress: 9,900,000/10,800,898 (91.7%) - 53.9s
    Progress: 10,000,000/10,800,898 (92.6%) - 54.4s
    Progress: 10,100,000/10,800,898 (93.5%) - 54.9s
    Progress: 10,200,000/10,800,898 (94.4%) - 55.4s
    Progress: 10,300,000/10,800,898 (95.4%) - 56.0s
    Progress: 10,400,000/10,800,898 (96.3%) - 56.5s
    Progress: 10,500,000/10,800,898 (97.2%) - 57.0s
    Progress: 10,600,000/10,800,898 (98.1%) - 57.5s
    Progress: 10,700,000/10,800,898 (99.1%) - 58.1s
    Progress: 10,800,000/10,800,898 (100.0%) - 58.6s
    Completed score calculation in 58.6s                                                  
    Valid sequences for analysis: 10,800,898
    Calculating correlations for 9 criteria...
    Warning: columns has constant scores (1 unique values)
    Correlation analysis complete
    ⚠️  Criteria with constant scores: 1
      • columns: 1 unique values, std=0.000000
    💡 Possible causes of constant/low-variation scores:
      • Sample may be too small or not diverse enough
      • Bigrams may not trigger certain criteria (e.g., columns)
      • Filtering may have removed sequences with variation

--- Analyzing Bigrams (With Middle Columns) ---
Group size: 8,594,699 bigrams
✅ ANALYZING Bigrams (With Middle Columns): 8,594,699 bigrams
Examples: th, he, ot, th, he
  Raw Analysis:
  Calculating Dvorak scores for 8,594,699 sequences...
      Sample scores for 'th': {'hands': '1.000', 'fingers': '1.000', 'skip_fingers': '1.000', 'dont_cross_home': '1.000', 'same_row': '0.000', 'home_row': '0.500', 'columns': '0.000', 'strum': '1.000', 'strong_fingers': '1.000'}
      Sample scores for 'he': {'hands': '1.000', 'fingers': '1.000', 'skip_fingers': '1.000', 'dont_cross_home': '1.000', 'same_row': '0.000', 'home_row': '0.500', 'columns': '0.500', 'strum': '1.000', 'strong_fingers': '1.000'}
      Sample scores for 'ot': {'hands': '1.000', 'fingers': '1.000', 'skip_fingers': '1.000', 'dont_cross_home': '1.000', 'same_row': '1.000', 'home_row': '0.000', 'columns': '0.500', 'strum': '1.000', 'strong_fingers': '0.500'}
    Progress: 100,000/8,594,699 (1.2%) - 1.2s
    Progress: 200,000/8,594,699 (2.3%) - 1.7s
    Progress: 300,000/8,594,699 (3.5%) - 2.3s
    Progress: 400,000/8,594,699 (4.7%) - 2.8s
    Progress: 500,000/8,594,699 (5.8%) - 3.3s
    Progress: 600,000/8,594,699 (7.0%) - 3.9s
    Progress: 700,000/8,594,699 (8.1%) - 4.4s
    Progress: 800,000/8,594,699 (9.3%) - 4.9s
    Progress: 900,000/8,594,699 (10.5%) - 5.5s
    Progress: 1,000,000/8,594,699 (11.6%) - 6.0s
    Progress: 1,100,000/8,594,699 (12.8%) - 6.5s
    Progress: 1,200,000/8,594,699 (14.0%) - 7.1s
    Progress: 1,300,000/8,594,699 (15.1%) - 7.6s
    Progress: 1,400,000/8,594,699 (16.3%) - 8.1s
    Progress: 1,500,000/8,594,699 (17.5%) - 8.7s
    Progress: 1,600,000/8,594,699 (18.6%) - 9.2s
    Progress: 1,700,000/8,594,699 (19.8%) - 9.7s
    Progress: 1,800,000/8,594,699 (20.9%) - 10.3s
    Progress: 1,900,000/8,594,699 (22.1%) - 10.8s
    Progress: 2,000,000/8,594,699 (23.3%) - 11.3s
    Progress: 2,100,000/8,594,699 (24.4%) - 11.9s
    Progress: 2,200,000/8,594,699 (25.6%) - 12.4s
    Progress: 2,300,000/8,594,699 (26.8%) - 12.9s
    Progress: 2,400,000/8,594,699 (27.9%) - 13.5s
    Progress: 2,500,000/8,594,699 (29.1%) - 14.0s
    Progress: 2,600,000/8,594,699 (30.3%) - 14.5s
    Progress: 2,700,000/8,594,699 (31.4%) - 15.1s
    Progress: 2,800,000/8,594,699 (32.6%) - 15.6s
    Progress: 2,900,000/8,594,699 (33.7%) - 16.1s
    Progress: 3,000,000/8,594,699 (34.9%) - 16.7s
    Progress: 3,100,000/8,594,699 (36.1%) - 17.2s
    Progress: 3,200,000/8,594,699 (37.2%) - 17.7s
    Progress: 3,300,000/8,594,699 (38.4%) - 18.3s
    Progress: 3,400,000/8,594,699 (39.6%) - 18.8s
    Progress: 3,500,000/8,594,699 (40.7%) - 19.4s
    Progress: 3,600,000/8,594,699 (41.9%) - 19.9s
    Progress: 3,700,000/8,594,699 (43.0%) - 20.5s
    Progress: 3,800,000/8,594,699 (44.2%) - 21.1s
    Progress: 3,900,000/8,594,699 (45.4%) - 21.6s
    Progress: 4,000,000/8,594,699 (46.5%) - 22.2s
    Progress: 4,100,000/8,594,699 (47.7%) - 22.7s
    Progress: 4,200,000/8,594,699 (48.9%) - 23.3s
    Progress: 4,300,000/8,594,699 (50.0%) - 23.8s
    Progress: 4,400,000/8,594,699 (51.2%) - 24.4s
    Progress: 4,500,000/8,594,699 (52.4%) - 25.0s
    Progress: 4,600,000/8,594,699 (53.5%) - 25.5s
    Progress: 4,700,000/8,594,699 (54.7%) - 26.1s
    Progress: 4,800,000/8,594,699 (55.8%) - 26.6s
    Progress: 4,900,000/8,594,699 (57.0%) - 27.2s
    Progress: 5,000,000/8,594,699 (58.2%) - 27.7s
    Progress: 5,100,000/8,594,699 (59.3%) - 28.3s
    Progress: 5,200,000/8,594,699 (60.5%) - 28.9s
    Progress: 5,300,000/8,594,699 (61.7%) - 29.4s
    Progress: 5,400,000/8,594,699 (62.8%) - 30.0s
    Progress: 5,500,000/8,594,699 (64.0%) - 30.5s
    Progress: 5,600,000/8,594,699 (65.2%) - 31.1s
    Progress: 5,700,000/8,594,699 (66.3%) - 31.6s
    Progress: 5,800,000/8,594,699 (67.5%) - 32.2s
    Progress: 5,900,000/8,594,699 (68.6%) - 32.7s
    Progress: 6,000,000/8,594,699 (69.8%) - 33.3s
    Progress: 6,100,000/8,594,699 (71.0%) - 33.8s
    Progress: 6,200,000/8,594,699 (72.1%) - 34.4s
    Progress: 6,300,000/8,594,699 (73.3%) - 34.9s
    Progress: 6,400,000/8,594,699 (74.5%) - 35.4s
    Progress: 6,500,000/8,594,699 (75.6%) - 35.9s
    Progress: 6,600,000/8,594,699 (76.8%) - 36.5s
    Progress: 6,700,000/8,594,699 (78.0%) - 37.0s
    Progress: 6,800,000/8,594,699 (79.1%) - 37.5s
    Progress: 6,900,000/8,594,699 (80.3%) - 38.1s
    Progress: 7,000,000/8,594,699 (81.4%) - 38.6s
    Progress: 7,100,000/8,594,699 (82.6%) - 39.1s
    Progress: 7,200,000/8,594,699 (83.8%) - 39.6s
    Progress: 7,300,000/8,594,699 (84.9%) - 40.2s
    Progress: 7,400,000/8,594,699 (86.1%) - 40.7s
    Progress: 7,500,000/8,594,699 (87.3%) - 41.2s
    Progress: 7,600,000/8,594,699 (88.4%) - 41.7s
    Progress: 7,700,000/8,594,699 (89.6%) - 42.3s
    Progress: 7,800,000/8,594,699 (90.8%) - 42.8s
    Progress: 7,900,000/8,594,699 (91.9%) - 43.3s
    Progress: 8,000,000/8,594,699 (93.1%) - 43.9s
    Progress: 8,100,000/8,594,699 (94.2%) - 44.4s
    Progress: 8,200,000/8,594,699 (95.4%) - 44.9s
    Progress: 8,300,000/8,594,699 (96.6%) - 45.5s
    Progress: 8,400,000/8,594,699 (97.7%) - 46.0s
    Progress: 8,500,000/8,594,699 (98.9%) - 46.5s
    Completed score calculation in 47.0s                                                  
    Valid sequences for analysis: 8,594,699
    Calculating correlations for 9 criteria...
    Correlation analysis complete
  🔍 Starting frequency adjustment for bigrams...
      Input: 8,594,699 sequences, 669 frequency entries
      Frequency data columns: ['letter_pair', 'score']
      ❌ Required columns not found in frequency data
  Freq Adjusted Analysis:
  Calculating Dvorak scores for 8,594,699 sequences...
      Sample scores for 'th': {'hands': '1.000', 'fingers': '1.000', 'skip_fingers': '1.000', 'dont_cross_home': '1.000', 'same_row': '0.000', 'home_row': '0.500', 'columns': '0.000', 'strum': '1.000', 'strong_fingers': '1.000'}
      Sample scores for 'he': {'hands': '1.000', 'fingers': '1.000', 'skip_fingers': '1.000', 'dont_cross_home': '1.000', 'same_row': '0.000', 'home_row': '0.500', 'columns': '0.500', 'strum': '1.000', 'strong_fingers': '1.000'}
      Sample scores for 'ot': {'hands': '1.000', 'fingers': '1.000', 'skip_fingers': '1.000', 'dont_cross_home': '1.000', 'same_row': '1.000', 'home_row': '0.000', 'columns': '0.500', 'strum': '1.000', 'strong_fingers': '0.500'}
    Progress: 100,000/8,594,699 (1.2%) - 0.8s
    Progress: 200,000/8,594,699 (2.3%) - 1.3s
    Progress: 300,000/8,594,699 (3.5%) - 1.8s
    Progress: 400,000/8,594,699 (4.7%) - 2.3s
    Progress: 500,000/8,594,699 (5.8%) - 2.9s
    Progress: 600,000/8,594,699 (7.0%) - 3.4s
    Progress: 700,000/8,594,699 (8.1%) - 3.9s
    Progress: 800,000/8,594,699 (9.3%) - 4.5s
    Progress: 900,000/8,594,699 (10.5%) - 5.0s
    Progress: 1,000,000/8,594,699 (11.6%) - 5.5s
    Progress: 1,100,000/8,594,699 (12.8%) - 6.0s
    Progress: 1,200,000/8,594,699 (14.0%) - 6.6s
    Progress: 1,300,000/8,594,699 (15.1%) - 7.1s
    Progress: 1,400,000/8,594,699 (16.3%) - 7.6s
    Progress: 1,500,000/8,594,699 (17.5%) - 8.1s
    Progress: 1,600,000/8,594,699 (18.6%) - 8.6s
    Progress: 1,700,000/8,594,699 (19.8%) - 9.1s
    Progress: 1,800,000/8,594,699 (20.9%) - 9.7s
    Progress: 1,900,000/8,594,699 (22.1%) - 10.2s
    Progress: 2,000,000/8,594,699 (23.3%) - 10.7s
    Progress: 2,100,000/8,594,699 (24.4%) - 11.2s
    Progress: 2,200,000/8,594,699 (25.6%) - 11.8s
    Progress: 2,300,000/8,594,699 (26.8%) - 12.3s
    Progress: 2,400,000/8,594,699 (27.9%) - 12.8s
    Progress: 2,500,000/8,594,699 (29.1%) - 13.3s
    Progress: 2,600,000/8,594,699 (30.3%) - 13.9s
    Progress: 2,700,000/8,594,699 (31.4%) - 14.4s
    Progress: 2,800,000/8,594,699 (32.6%) - 14.9s
    Progress: 2,900,000/8,594,699 (33.7%) - 15.4s
    Progress: 3,000,000/8,594,699 (34.9%) - 16.0s
    Progress: 3,100,000/8,594,699 (36.1%) - 16.5s
    Progress: 3,200,000/8,594,699 (37.2%) - 17.0s
    Progress: 3,300,000/8,594,699 (38.4%) - 17.5s
    Progress: 3,400,000/8,594,699 (39.6%) - 18.0s
    Progress: 3,500,000/8,594,699 (40.7%) - 18.6s
    Progress: 3,600,000/8,594,699 (41.9%) - 19.1s
    Progress: 3,700,000/8,594,699 (43.0%) - 19.6s
    Progress: 3,800,000/8,594,699 (44.2%) - 20.2s
    Progress: 3,900,000/8,594,699 (45.4%) - 20.7s
    Progress: 4,000,000/8,594,699 (46.5%) - 21.2s
    Progress: 4,100,000/8,594,699 (47.7%) - 21.7s
    Progress: 4,200,000/8,594,699 (48.9%) - 22.3s
    Progress: 4,300,000/8,594,699 (50.0%) - 22.8s
    Progress: 4,400,000/8,594,699 (51.2%) - 23.3s
    Progress: 4,500,000/8,594,699 (52.4%) - 23.9s
    Progress: 4,600,000/8,594,699 (53.5%) - 24.4s
    Progress: 4,700,000/8,594,699 (54.7%) - 24.9s
    Progress: 4,800,000/8,594,699 (55.8%) - 25.4s
    Progress: 4,900,000/8,594,699 (57.0%) - 26.0s
    Progress: 5,000,000/8,594,699 (58.2%) - 26.5s
    Progress: 5,100,000/8,594,699 (59.3%) - 27.0s
    Progress: 5,200,000/8,594,699 (60.5%) - 27.5s
    Progress: 5,300,000/8,594,699 (61.7%) - 28.1s
    Progress: 5,400,000/8,594,699 (62.8%) - 28.6s
    Progress: 5,500,000/8,594,699 (64.0%) - 29.1s
    Progress: 5,600,000/8,594,699 (65.2%) - 29.6s
    Progress: 5,700,000/8,594,699 (66.3%) - 30.1s
    Progress: 5,800,000/8,594,699 (67.5%) - 30.7s
    Progress: 5,900,000/8,594,699 (68.6%) - 31.2s
    Progress: 6,000,000/8,594,699 (69.8%) - 31.7s
    Progress: 6,100,000/8,594,699 (71.0%) - 32.2s
    Progress: 6,200,000/8,594,699 (72.1%) - 32.8s
    Progress: 6,300,000/8,594,699 (73.3%) - 33.3s
    Progress: 6,400,000/8,594,699 (74.5%) - 33.8s
    Progress: 6,500,000/8,594,699 (75.6%) - 34.4s
    Progress: 6,600,000/8,594,699 (76.8%) - 34.9s
    Progress: 6,700,000/8,594,699 (78.0%) - 35.4s
    Progress: 6,800,000/8,594,699 (79.1%) - 35.9s
    Progress: 6,900,000/8,594,699 (80.3%) - 36.5s
    Progress: 7,000,000/8,594,699 (81.4%) - 37.0s
    Progress: 7,100,000/8,594,699 (82.6%) - 37.5s
    Progress: 7,200,000/8,594,699 (83.8%) - 38.0s
    Progress: 7,300,000/8,594,699 (84.9%) - 38.6s
    Progress: 7,400,000/8,594,699 (86.1%) - 39.1s
    Progress: 7,500,000/8,594,699 (87.3%) - 39.6s
    Progress: 7,600,000/8,594,699 (88.4%) - 40.2s
    Progress: 7,700,000/8,594,699 (89.6%) - 40.7s
    Progress: 7,800,000/8,594,699 (90.8%) - 41.2s
    Progress: 7,900,000/8,594,699 (91.9%) - 41.8s
    Progress: 8,000,000/8,594,699 (93.1%) - 42.3s
    Progress: 8,100,000/8,594,699 (94.2%) - 42.8s
    Progress: 8,200,000/8,594,699 (95.4%) - 43.4s
    Progress: 8,300,000/8,594,699 (96.6%) - 43.9s
    Progress: 8,400,000/8,594,699 (97.7%) - 44.4s
    Progress: 8,500,000/8,594,699 (98.9%) - 45.0s
    Completed score calculation in 45.5s                                                  
    Valid sequences for analysis: 8,594,699
    Calculating correlations for 9 criteria...
    Correlation analysis complete
Bigram analysis completed in 5.1m

BIGRAM CORRELATION ANALYSIS: RAW vs FREQUENCY-ADJUSTED
========================================================================================================================
Note: Negative correlation = higher score → faster typing (validates Dvorak)
      Positive correlation = higher score → slower typing (contradicts Dvorak)
------------------------------------------------------------------------------------------------------------------------

Generating comparison plots...
Comparison plots saved to: plots/dvorak9_frequency_comparison.png

Generating results interpretation...

================================================================================
📊 RESULTS INTERPRETATION BIGRAM ANALYSIS
================================================================================

🔍 WITH MIDDLE COLUMNS
------------------------------------------------------------
✅ CRITERIA THAT SUPPORT DVORAK (negative correlation = faster typing):
   • fingers: r = -0.185, p = 0.000 (small effect)
   • hands: r = -0.166, p = 0.000 (small effect)
   • skip fingers: r = -0.151, p = 0.000 (small effect)
   • strum: r = -0.117, p = 0.000 (small effect)
   • home row: r = -0.094, p = 0.000 (negligible effect)
   • don't cross home: r = -0.057, p = 0.000 (negligible effect)
   • strong fingers: r = -0.003, p = 0.000 (negligible effect)
⚠️  CRITERIA THAT CONTRADICT DVORAK (positive correlation = slower typing):
   • columns: r = 0.094, p = 0.000 (negligible effect)
   • same row: r = 0.007, p = 0.000 (negligible effect)
       → This suggests same-row sequences may slow typing (finger interference?)

🔍 WITHOUT MIDDLE COLUMNS
------------------------------------------------------------
✅ CRITERIA THAT SUPPORT DVORAK (negative correlation = faster typing):
   • fingers: r = -0.164, p = 0.000 (small effect)
   • hands: r = -0.164, p = 0.000 (small effect)
   • strum: r = -0.163, p = 0.000 (small effect)
   • skip fingers: r = -0.161, p = 0.000 (small effect)
   • same row: r = -0.104, p = 0.000 (small effect)
   • don't cross home: r = -0.086, p = 0.000 (negligible effect)
⚠️  CRITERIA THAT CONTRADICT DVORAK (positive correlation = slower typing):
   • home row: r = 0.074, p = 0.000 (negligible effect)
   • strong fingers: r = 0.004, p = 0.000 (negligible effect)
       → This suggests avoiding pinky may not help typing speed

🔍 COMPARISON BETWEEN GROUPS:
------------------------------------------------------------

💡 INTERPRETATION SUMMARY:
   • This shows ONLY frequency-adjusted results (controls for English bigram frequency)
   • Negative correlation = higher Dvorak score → faster typing (supports Dvorak)
   • Positive correlation = higher Dvorak score → slower typing (contradicts Dvorak)
   • All effects are small/negligible (|r| < 0.1) - typical for typing research

Analyzing criterion combinations...

================================================================================
COMPREHENSIVE CRITERION COMBINATION ANALYSIS
================================================================================
Examining how combinations of criteria interact to predict typing speed
IMPORTANT: Using ONLY frequency-adjusted data (controls for English bigram frequency)
✅ Found frequency-adjusted sequence data: 8594699 sequences
✅ Using 8,594,699 frequency-adjusted sequences
✅ Found sequence data for 1 groups

All sequences (frequency-adjusted)
------------------------------------------------------------
   Sequences: 8,594,699
   ⚠️  Using raw times (frequency adjustment not available)
   Criteria: ['hands', 'fingers', 'skip_fingers', 'dont_cross_home', 'same_row', 'home_row', 'columns', 'strum', 'strong_fingers']

📊 1-WAY COMBINATIONS:
   Testing ALL 9 combinations of 1 criteria...
   Top 5 combinations:
     1. fingers
        r = -0.1848***, p = 0.0000
     2. hands
        r = -0.1658***, p = 0.0000
     3. skip_fingers
        r = -0.1508***, p = 0.0000
     4. strum
        r = -0.1165***, p = 0.0000
     5. home_row
        r = -0.0937***, p = 0.0000

📊 2-WAY COMBINATIONS:
   Testing ALL 36 combinations of 2 criteria...
   Top 5 combinations:
     1. hands + fingers
        r = -0.1896***, p = 0.0000
     2. hands + home_row
        r = -0.1765***, p = 0.0000
     3. hands + skip_fingers
        r = -0.1671***, p = 0.0000
     4. hands + strum
        r = -0.1640***, p = 0.0000
     5. fingers + skip_fingers
        r = -0.1637***, p = 0.0000

📊 3-WAY COMBINATIONS:
   Testing ALL 84 combinations of 3 criteria...
   Top 5 combinations:
     1. hands + fingers + home_row
        r = -0.1967***, p = 0.0000
     2. hands + skip_fingers + home_row
        r = -0.1848***, p = 0.0000
     3. hands + home_row + strum
        r = -0.1820***, p = 0.0000
     4. hands + fingers + skip_fingers
        r = -0.1794***, p = 0.0000
     5. hands + fingers + strong_fingers
        r = -0.1776***, p = 0.0000

📊 4-WAY COMBINATIONS:
   Testing ALL 126 combinations of 4 criteria...
   Top 5 combinations:
     1. hands + fingers + home_row + strong_fingers
        r = -0.2016***, p = 0.0000
     2. hands + fingers + skip_fingers + home_row
        r = -0.1975***, p = 0.0000
     3. hands + fingers + home_row + strum
        r = -0.1911***, p = 0.0000
     4. hands + skip_fingers + home_row + strum
        r = -0.1866***, p = 0.0000
     5. fingers + skip_fingers + home_row + strong_fingers
        r = -0.1858***, p = 0.0000

📊 5-WAY COMBINATIONS:
   Testing ALL 126 combinations of 5 criteria...
   Top 5 combinations:
     1. hands + fingers + skip_fingers + home_row + strong_fingers
        r = -0.2010***, p = 0.0000
     2. hands + fingers + home_row + strum + strong_fingers
        r = -0.1963***, p = 0.0000
     3. hands + fingers + skip_fingers + home_row + strum
        r = -0.1919***, p = 0.0000
     4. hands + fingers + dont_cross_home + home_row + strong_fingers
        r = -0.1886***, p = 0.0000
     5. hands + fingers + skip_fingers + dont_cross_home + home_row
        r = -0.1879***, p = 0.0000

📊 6-WAY COMBINATIONS:
   Testing ALL 84 combinations of 6 criteria...
   Top 5 combinations:
     1. hands + fingers + skip_fingers + home_row + strum + strong_fingers
        r = -0.1958***, p = 0.0000
     2. hands + fingers + skip_fingers + dont_cross_home + home_row + strong_fingers
        r = -0.1903***, p = 0.0000
     3. hands + fingers + dont_cross_home + home_row + strum + strong_fingers
        r = -0.1897***, p = 0.0000
     4. hands + fingers + skip_fingers + dont_cross_home + home_row + strum
        r = -0.1894***, p = 0.0000
     5. fingers + skip_fingers + dont_cross_home + home_row + strum + strong_fingers
        r = -0.1814***, p = 0.0000

📊 7-WAY COMBINATIONS:
   Testing ALL 36 combinations of 7 criteria...
   Top 5 combinations:
     1. hands + fingers + skip_fingers + dont_cross_home + home_row + strum + strong_fingers
        r = -0.1925***, p = 0.0000
     2. hands + fingers + skip_fingers + same_row + home_row + strum + strong_fingers
        r = -0.1756***, p = 0.0000
     3. hands + fingers + skip_fingers + home_row + columns + strum + strong_fingers
        r = -0.1734***, p = 0.0000
     4. hands + fingers + skip_fingers + dont_cross_home + home_row + columns + strong_fingers
        r = -0.1688***, p = 0.0000
     5. hands + fingers + skip_fingers + dont_cross_home + same_row + home_row + strong_fingers
        r = -0.1682***, p = 0.0000

📊 8-WAY COMBINATIONS:
   Testing ALL 9 combinations of 8 criteria...
   Top 5 combinations:
     1. hands + fingers + skip_fingers + dont_cross_home + home_row + columns + strum + strong_fingers
        r = -0.1704***, p = 0.0000
     2. hands + fingers + skip_fingers + dont_cross_home + same_row + home_row + strum + strong_fingers
        r = -0.1704***, p = 0.0000
     3. hands + fingers + skip_fingers + same_row + home_row + columns + strum + strong_fingers
        r = -0.1582***, p = 0.0000
     4. hands + fingers + skip_fingers + dont_cross_home + same_row + home_row + columns + strong_fingers
        r = -0.1501***, p = 0.0000
     5. hands + fingers + dont_cross_home + same_row + home_row + columns + strum + strong_fingers
        r = -0.1470***, p = 0.0000

📊 9-WAY COMBINATIONS:
   Testing ALL 1 combinations of 9 criteria...
   Top 1 combinations:
     1. hands + fingers + skip_fingers + dont_cross_home + same_row + home_row + columns + strum + strong_fingers
        r = -0.1533***, p = 0.0000

🏆 BEST COMBINATION ACROSS ALL SIZES:
   🎯 STRONGEST PREDICTOR: hands + fingers + home_row + strong_fingers
   📈 Correlation: r = -0.2016
   📊 Effect size: small
   🎭 Direction: supports Dvorak (faster)
   🔢 Uses 4 criteria

📈 COMBINATION ANALYSIS SUMMARY:
   • Total combinations tested: 511
   • Statistically significant: 511 (100.0%)
   • Large effects (|r| ≥ 0.5): 0
   • Medium effects (|r| 0.3-0.5): 0
   • Small effects (|r| 0.1-0.3): 416
   • Negligible effects (|r| < 0.1): 95

📊 Creating combination analysis visualizations...
📊 Creating combination analysis plots...
Combination analysis plots saved to: plots/dvorak_combination_analysis.png
🔥 Creating criterion interaction heatmap...
Criterion interaction heatmap saved to: plots/dvorak_criterion_interactions.png

🔥 CRITERION INTERACTION INSIGHTS:
   Top criterion pairs (|r| > 0.1, p < 0.05):
     1. fingers + hands: |r| = 0.190***
     2. hands + home_row: |r| = 0.177***
     3. hands + skip_fingers: |r| = 0.167***
     4. hands + strum: |r| = 0.164***
     5. fingers + skip_fingers: |r| = 0.164***
   Best criteria for combinations (average |r| with others):
     1. hands: 0.138
     2. skip_fingers: 0.125
     3. fingers: 0.107
✅ Combination analysis plots created successfully!

====================================================================================================
🎯 COMPLETE FDR-CORRECTED ANALYSIS
====================================================================================================
Frequency-adjusted results with FDR multiple testing correction
Answers: Which criteria survive rigorous statistical testing?

📊 PART 1: INDIVIDUAL CRITERIA (9 TESTS PER GROUP)
============================================================
🔍 Processing key: 'hands_no_middle_freq_adjusted' → group: 'Bigrams (No Middle Columns) (freq adjusted)' → type: 'No Middle Columns'
🔍 Processing key: 'fingers_no_middle_freq_adjusted' → group: 'Bigrams (No Middle Columns) (freq adjusted)' → type: 'No Middle Columns'
🔍 Processing key: 'skip_fingers_no_middle_freq_adjusted' → group: 'Bigrams (No Middle Columns) (freq adjusted)' → type: 'No Middle Columns'
🔍 Processing key: 'dont_cross_home_no_middle_freq_adjusted' → group: 'Bigrams (No Middle Columns) (freq adjusted)' → type: 'No Middle Columns'
🔍 Processing key: 'same_row_no_middle_freq_adjusted' → group: 'Bigrams (No Middle Columns) (freq adjusted)' → type: 'No Middle Columns'
🔍 Processing key: 'home_row_no_middle_freq_adjusted' → group: 'Bigrams (No Middle Columns) (freq adjusted)' → type: 'No Middle Columns'
🔍 Processing key: 'strum_no_middle_freq_adjusted' → group: 'Bigrams (No Middle Columns) (freq adjusted)' → type: 'No Middle Columns'
🔍 Processing key: 'strong_fingers_no_middle_freq_adjusted' → group: 'Bigrams (No Middle Columns) (freq adjusted)' → type: 'No Middle Columns'
🔍 Processing key: 'hands_with_middle_freq_adjusted' → group: 'Bigrams (With Middle Columns) (freq adjusted)' → type: 'With Middle Columns'
🔍 Processing key: 'fingers_with_middle_freq_adjusted' → group: 'Bigrams (With Middle Columns) (freq adjusted)' → type: 'With Middle Columns'
🔍 Processing key: 'skip_fingers_with_middle_freq_adjusted' → group: 'Bigrams (With Middle Columns) (freq adjusted)' → type: 'With Middle Columns'
🔍 Processing key: 'dont_cross_home_with_middle_freq_adjusted' → group: 'Bigrams (With Middle Columns) (freq adjusted)' → type: 'With Middle Columns'
🔍 Processing key: 'same_row_with_middle_freq_adjusted' → group: 'Bigrams (With Middle Columns) (freq adjusted)' → type: 'With Middle Columns'
🔍 Processing key: 'home_row_with_middle_freq_adjusted' → group: 'Bigrams (With Middle Columns) (freq adjusted)' → type: 'With Middle Columns'
🔍 Processing key: 'columns_with_middle_freq_adjusted' → group: 'Bigrams (With Middle Columns) (freq adjusted)' → type: 'With Middle Columns'
🔍 Processing key: 'strum_with_middle_freq_adjusted' → group: 'Bigrams (With Middle Columns) (freq adjusted)' → type: 'With Middle Columns'
🔍 Processing key: 'strong_fingers_with_middle_freq_adjusted' → group: 'Bigrams (With Middle Columns) (freq adjusted)' → type: 'With Middle Columns'

📋 Groups found for FDR analysis: 2
   • Bigrams (No Middle Columns) (freq adjusted): 8 criteria
   • Bigrams (With Middle Columns) (freq adjusted): 9 criteria

✅ EXPECTED GROUPS CHECK:
   ✅ Found: 'Bigrams (No Middle Columns) (freq adjusted)'
   ✅ Found: 'Bigrams (With Middle Columns) (freq adjusted)'

🔍 Bigrams (No Middle Columns) (freq adjusted)
--------------------------------------------------
Sample size: 10,800,898 bigrams
Significant after FDR: 8/9 criteria

✅ Support Dvorak:
- fingers: r = -0.164
- hands: r = -0.164
- strum: r = -0.163
- skip fingers: r = -0.161
- same row: r = -0.104
- don't cross home: r = -0.086
❌ Contradict Dvorak:
- home row: r = +0.074
- strong fingers: r = +0.004

All results (FDR-corrected):
Criterion              r      95% CI         FDR p-val  Significant  Dvorak
--------------------------------------------------------------------------------
fingers            -0.164  [-0.165,-0.164]     0.000  ✅            ✅ Support
hands              -0.164  [-0.165,-0.163]     0.000  ✅            ✅ Support
strum              -0.163  [-0.164,-0.163]     0.000  ✅            ✅ Support
skip fingers       -0.161  [-0.161,-0.160]     0.000  ✅            ✅ Support
same row           -0.104  [-0.105,-0.104]     0.000  ✅            ✅ Support
don't cross home   -0.086  [-0.087,-0.086]     0.000  ✅            ✅ Support
home row            0.074  [0.073,0.074]     0.000  ✅            ❌ Contradict
strong fingers      0.004  [0.004,0.005]     0.000  ✅            ❌ Contradict

🔍 Bigrams (With Middle Columns) (freq adjusted)
--------------------------------------------------
Sample size: 8,594,699 bigrams
Significant after FDR: 9/9 criteria

✅ Support Dvorak:
- fingers: r = -0.185
- hands: r = -0.166
- skip fingers: r = -0.151
- strum: r = -0.117
- home row: r = -0.094
- don't cross home: r = -0.057
- strong fingers: r = -0.003
❌ Contradict Dvorak:
- columns: r = +0.094
- same row: r = +0.007

All results (FDR-corrected):
Criterion              r      95% CI         FDR p-val  Significant  Dvorak
--------------------------------------------------------------------------------
fingers            -0.185  [-0.185,-0.184]     0.000  ✅            ✅ Support
hands              -0.166  [-0.166,-0.165]     0.000  ✅            ✅ Support
skip fingers       -0.151  [-0.151,-0.150]     0.000  ✅            ✅ Support
strum              -0.117  [-0.117,-0.116]     0.000  ✅            ✅ Support
home row           -0.094  [-0.094,-0.093]     0.000  ✅            ✅ Support
columns             0.094  [0.093,0.094]     0.000  ✅            ❌ Contradict
don't cross home   -0.057  [-0.058,-0.056]     0.000  ✅            ✅ Support
same row            0.007  [0.007,0.008]     0.000  ✅            ❌ Contradict
strong fingers     -0.003  [-0.004,-0.002]     0.000  ✅            ✅ Support

📊 PART 2: ALL 511 COMBINATIONS WITH FDR CORRECTION
============================================================
Testing which combinations survive multiple testing correction

Total combinations tested: 511
💾 ALL COMBINATIONS SAVED TO: speed_weights.csv
Significant after FDR correction: 511/511 (100.0%)

🏆 TOP 20 SIGNIFICANT COMBINATIONS (FDR-corrected):
K  Combination                           r       FDR p-val  Dvorak
---------------------------------------------------------------------------
4  hands + fingers + home_row + strong...  -0.202     0.000  ✅
5  hands + fingers + skip_fingers + ho...  -0.201     0.000  ✅
4  hands + fingers + skip_fingers + ho...  -0.197     0.000  ✅
3  hands + fingers + home_row           -0.197     0.000  ✅
5  hands + fingers + home_row + strum ...  -0.196     0.000  ✅
6  hands + fingers + skip_fingers + ho...  -0.196     0.000  ✅
7  hands + fingers + skip_fingers + do...  -0.192     0.000  ✅
5  hands + fingers + skip_fingers + ho...  -0.192     0.000  ✅
4  hands + fingers + home_row + strum   -0.191     0.000  ✅
6  hands + fingers + skip_fingers + do...  -0.190     0.000  ✅
6  hands + fingers + dont_cross_home +...  -0.190     0.000  ✅
2  hands + fingers                      -0.190     0.000  ✅
6  hands + fingers + skip_fingers + do...  -0.189     0.000  ✅
5  hands + fingers + dont_cross_home +...  -0.189     0.000  ✅
5  hands + fingers + skip_fingers + do...  -0.188     0.000  ✅
5  hands + fingers + dont_cross_home +...  -0.187     0.000  ✅
5  hands + skip_fingers + home_row + s...  -0.187     0.000  ✅
4  hands + skip_fingers + home_row + s...  -0.187     0.000  ✅
4  fingers + skip_fingers + home_row +...  -0.186     0.000  ✅
4  hands + fingers + dont_cross_home +...  -0.186     0.000  ✅

🥇 STRONGEST SIGNIFICANT COMBINATION:
   hands + fingers + home_row + strong_fingers
   r = -0.2016 (FDR p = 0.000)
   Uses 4 criteria
   Supports Dvorak principles
💾 SIGNIFICANT COMBINATIONS SAVED TO: speed_weights.csv

📊 PART 3: SUMMARY COMPARISON
============================================================
INDIVIDUAL CRITERIA COMPARISON:
Bigrams (No Middle Columns) (freq adjusted):
  ✅ Support Dvorak: 6/9
  ❌ Contradict Dvorak: 2/9
Bigrams (With Middle Columns) (freq adjusted):
  ✅ Support Dvorak: 7/9
  ❌ Contradict Dvorak: 2/9

DIFFERENCES BETWEEN GROUPS:
  same row:
    Bigrams (No Middle Columns) (freq adjusted): Sig, Support (r=-0.104)
    Bigrams (With Middle Columns) (freq adjusted): Sig, Contradict (r=0.007)
  home row:
    Bigrams (No Middle Columns) (freq adjusted): Sig, Contradict (r=0.074)
    Bigrams (With Middle Columns) (freq adjusted): Sig, Support (r=-0.094)
  strong fingers:
    Bigrams (No Middle Columns) (freq adjusted): Sig, Contradict (r=0.004)
    Bigrams (With Middle Columns) (freq adjusted): Sig, Support (r=-0.003)

💡 KEY TAKEAWAYS:
1. Individual criteria: 17/17 survive FDR correction
2. Combinations: 511/511 survive FDR correction
3. Effect sizes:
   • Individual criteria: up to |r| = 0.185 (small effect)
   • Best combinations: up to |r| = 0.202 (small effect)
4. Most Dvorak principles are statistically valid but practically weak
5. Cohen's effect size conventions: small ≥0.1, medium ≥0.3, large ≥0.5

================================================================================
ANALYSIS COMPLETE
================================================================================
Total runtime: 19.2m
Dvorak-9 Analysis Complete
Now using canonical scorer from dvorak9_scorer.py