> poetry run python3 prep_keypair_time_scores.py --input-dir /Users/arno/Software/keyboard_layout_scorers/prep/input/raws_prolific_nonprolific --frequency-file ../input/english-letter-pair-frequencies-google-ngrams.csv --verbose
Generate time scores with built-in QWERTY debiasing
============================================================
QWERTY keys (32): ',./;ABCDEFGHIJKLMNOPQRSTUVWXYZ[
Total key-pairs to compute: 1024
Input directory: /Users/arno/Software/keyboard_layout_scorers/prep/input/raws_prolific_nonprolific
CSV files found: 515
Frequency file: ../input/english-letter-pair-frequencies-google-ngrams.csv
ðŸŽ¯ Frequency-based QWERTY debiasing: ENABLED
ðŸ”„ Mirror-based conservative debiasing: ENABLED
Computing key-pair times using timing components from CSV data...
ðŸŽ¯ Built-in QWERTY debiasing: ENABLED

ðŸ”µ Loading and processing CSV files from directory: /Users/arno/Software/keyboard_layout_scorers/prep/input/raws_prolific_nonprolific
Found 515 CSV files
  Processing: raw_data_6679dc943f855ba978447c25_1727410938643.csv
  Processing: raw_data_62bb13844f833119cc98e55b_1727406743776.csv
  Processing: raw_data_5e72e0d8adc903240ac70891_1727407544599.csv
  Processing: raw_data_unknown4_1741214991789.csv
  Processing: raw_data_unknown45_1743199922371.csv
  Processing: raw_data_unknown37_1742851987992.csv
  Processing: raw_data_unknown40_1743114230604.csv
  Processing: raw_data_666ca8f24bc3a8e75b8f6ee2_1727409503960.csv
  Processing: raw_data_67113e3dc5d91c5d72fd89ea_1738848349389.csv
  Processing: raw_data_5fcd71c07283d321e75d28ce_1727405888595.csv
  Processing: raw_data_5b970de9aa1729000192f57b_1727408960316.csv
  Processing: raw_data_669d1e13adb50bc8c5501033_1727405989428.csv
  Processing: raw_data_661c00717f3c9c81c132d2b0_1738850421546.csv
  Processing: raw_data_6482f94e03d469a7669bade6_1728487198642.csv
  Processing: raw_data_562eb896733ea000051638c6_1727407149479.csv
  Processing: raw_data_655fc9dcc20e0befdda4251a_1738846509690.csv
  Processing: raw_data_6157769623f8b93ecb608d03_1728483850795.csv
  Processing: raw_data_666eb6c41a31f3c82021e23e_1728498144680.csv
  Processing: raw_data_64389bf557e6a621e6a857ca_1727408024648.csv
  Processing: raw_data_6697f953a43613fe2f6a2883_1742232222977.csv
  Processing: raw_data_655fa9ff6682f3df8008abe6_1727405673831.csv
  Processing: raw_data_66c2c6d8c0e6485f18f12c9c_1728483973722.csv
  Processing: raw_data_6676e0723e8ac376937ac5fb_1727407545329.csv
  Processing: raw_data_663ea57212f5d047cf5cb177_1727409665606.csv
  Processing: raw_data_65469016298a36a49750973b_1727409181518.csv
  Processing: raw_data_6598c280db248e4eefa054d0_1727408804524.csv
  Processing: raw_data_66f0eda58aabb19b40a60936_1728879775490.csv
  Processing: raw_data_67375a2da88640a6062be884_1738850873189.csv
  Processing: raw_data_641ec1a9d9fe8a0941e39862_1727409650504.csv
  Processing: raw_data_6109f02b5f6b3477fa8ddd8a_1727408018550.csv
  Processing: raw_data_60e9f87217d55e86d5acd46a_1727405514563.csv
  Processing: raw_data_65f90aac36abafe80c61a864_1727406906676.csv
  Processing: raw_data_609f228c91118f1242805f43_1727408976391.csv
  Processing: raw_data_63f796a016e377d12cff50f1_1727405310219.csv
  Processing: raw_data_6521bb42d7515a18540a827a_1727407313028.csv
  Processing: raw_data_66a8e51a6b38bc2999515099_1727408106821.csv
  Processing: raw_data_6780536decee4b5d3a3dcb82_1738859427370.csv
  Processing: raw_data_672c0491c5ac03124a6c1bd3_1738849196166.csv
  Processing: raw_data_58060d08b869700001d70b8c_1727407187224.csv
  Processing: raw_data_66e4a2a4cd6d2334a523de1d_1727405239725.csv
  Processing: raw_data_55bc1119fdf99b5693f3ec47_1728498551513.csv
  Processing: raw_data_5924f4910a3e3e0001f1018e_1728879843158.csv
  Processing: raw_data_6758127b403382550f004fdc_1742236661301.csv
  Processing: raw_data_673622389e541878f09ff69a_1738846604262.csv
  Processing: raw_data_614e049f538645ead4ff4d49_1738845998577.csv
  Processing: raw_data_6635c85dd8b7bc10073b323b_1727408105217.csv
  Processing: raw_data_604227f752a00205aca8ad2d_1727407889210.csv
  Processing: raw_data_6659ef479b424681dc3f60ba_1727405446212.csv
  Processing: raw_data_66e6f00ffefd9839681ec1d9_1727412021464.csv
  Processing: raw_data_5dd0918fc944d115f6f63047_1728880942493.csv
  Processing: raw_data_65d674932b74e9b7383efaff_1727407046156.csv
  Processing: raw_data_unknown33_1742687022383.csv
  Processing: raw_data_66ba969d98d6213d7eb78572_1727408365448.csv
  Processing: raw_data_65ecf22abc066fbabecdea60_1727409722292.csv
  Processing: raw_data_66a3fdd3871b2ac3b3a0ae30_1727408222362.csv
  Processing: raw_data_66afb6c4142f5a0ed5332ae9_1727408147619.csv
  Processing: raw_data_66d56691108b393f29c2bb6c_1727407326277.csv
  Processing: raw_data_65e0feb2eeec9576d085b9de_1727407496006.csv
  Processing: raw_data_66c64705c94a64f678954e37_1727409933552.csv
  Processing: raw_data_612bb0cdecc9e45781bbf511_1727407580833.csv
  Processing: raw_data_664e2c02edf41c6338092b54_1727411611528.csv
  Processing: raw_data_6745a12bc5cb92da1fa564d1_1738856024291.csv
  Processing: raw_data_5d5b705b74428400019fbf5e_1728484860099.csv
  Processing: raw_data_5884593bd920ed0001fdccb4_1727410104857.csv
  Processing: raw_data_667ac1826ce22f03fab354c3_1728484618943.csv
  Processing: raw_data_5d2df867d7cc160019673031_1742235036976.csv
  Processing: raw_data_58cec6c08460040001e1ee79_1738847996127.csv
  Processing: raw_data_66d104b78b053e2e8d88ad08_1727408851253.csv
  Processing: raw_data_unknown24_1742240531107.csv
  Processing: raw_data_65034d480a9dec0b9ceee931_1727408653961.csv
  Processing: raw_data_63d152827c0438f07dee012f_1727412445555.csv
  Processing: raw_data_66abb60791f0687fe5bdfd5b_1727407433628.csv
  Processing: raw_data_6687621d74531e4a19757890_1727407077734.csv
  Processing: raw_data_5fbbe3a696d6300008af539d_1727414280751.csv
  Processing: raw_data_65603afb8e9cfc182d7b55bc_1727407953538.csv
  Processing: raw_data_66c64b2de99422997495dd2b_1728497150586.csv
  Processing: raw_data_66cc0be94d734db826f04f36_1727411988646.csv
  Processing: raw_data_65959bfed43a65c4d24b7445_1727408837387.csv
  Processing: raw_data_66bc0f6e5446d1168512ac1c_1727408610674.csv
  Processing: raw_data_666203105e0c216230d31016_1727428344945.csv
  Processing: raw_data_60ca846ffad77e5b1fee110a_1727407660837.csv
  Processing: raw_data_60ccf8699102ef793a8fd37c_1728496286804.csv
  Processing: raw_data_65c195f276646afc7d045d20_1727398199506.csv
  Processing: raw_data_65649e26fc062fd174f780eb_1727407172278.csv
  Processing: raw_data_63ea74a7e00a26d45e75244c_1728497771292.csv
  Processing: raw_data_6315a102cb675027354ef5d8_1727409696888.csv
  Processing: raw_data_6670e05a65d32df6fa3e7560_1727431324243.csv
  Processing: raw_data_unknown38_1743111881306.csv
  Processing: raw_data_unknown44_1743199063221.csv
  Processing: raw_data_5c4ea6cc889752000156dd8e_1727412784239.csv
  Processing: raw_data_unknown5_1741226966006.csv
  Processing: raw_data_651eea44194fa8c200606af7_1727424927457.csv
  Processing: raw_data_unknown11_1741623227818.csv
  Processing: raw_data_6677048a2c044f09135b75be_1727430346259.csv
  Processing: raw_data_6610a177f1857159ab6ff983_1727406509714.csv
  Processing: raw_data_unknown25_1742245559711.csv
  Processing: raw_data_669077185997bd8526c66906_1727408777771.csv
  Processing: raw_data_5608a73fd7def20012b7389d_1728496924157.csv
  Processing: raw_data_6646c36c34a9db30559987b3_1727409396405.csv
  Processing: raw_data_641b75662ac773952a58da70_1738848636678.csv
  Processing: raw_data_6578c0ce1348ad8e79a65d0b_1727408088502.csv
  Processing: raw_data_66e641a57e7f41866f9e705f_1727407304858.csv
  Processing: raw_data_67352ce06354a65a2a47a063_1738856528988.csv
  Processing: raw_data_66de057ab63a3138342ab763_1727410336564.csv
  Processing: raw_data_66e1f2708b21704eddaf8388_1727423096149.csv
  Processing: raw_data_unknown14_1741648066417.csv
  Processing: raw_data_67519e4abb644588aa2e804a_1742238775809.csv
  Processing: raw_data_5c2ab2de9136140001b90737_1727411698343.csv
  Processing: raw_data_65f00615cafbc1008642ff08_1727407744336.csv
  Processing: raw_data_647a791065c6c348a325ab54_1738847838790.csv
  Processing: raw_data_660233cd93def481944c2ae9_1728484191791.csv
  Processing: raw_data_67d48d2462c72f8a426c892d_1742235299672.csv
  Processing: raw_data_652d756e604b5f21b9141333_1727406603667.csv
  Processing: raw_data_661de1d2f9c50b06f796b9cc_1727405579574.csv
  Processing: raw_data_5dc8465ad362415b3383405f_1738847311228.csv
  Processing: raw_data_unknown58_1745597159253.csv
  Processing: raw_data_66f234675062b0115bfd0864_1727408818663.csv
  Processing: raw_data_60fccfd7f6641e2f828fddc3_1727407852998.csv
  Processing: raw_data_5d54fef50a2a1600195cb7cf_1727397401067.csv
  Processing: raw_data_642954d588469609635ad049_1728484635834.csv
  Processing: raw_data_657349585ce9d57f8c53e7fe_1738846634559.csv
  Processing: raw_data_5fc2a0d812bc59000b746ee5_1728884630807.csv
  Processing: raw_data_648343299ec8050d10aee27d_1728489055578.csv
  Processing: raw_data_6638e6601cddfd62522b3913_1738850523687.csv
  Processing: raw_data_66de52f34fdad9c47ab65a4e_1727410461474.csv
  Processing: raw_data_5c78e07f9eabe400126d40be_1727414661035.csv
  Processing: raw_data_664a1e4e7c5b31c8ef11743a_1727407256723.csv
  Processing: raw_data_6648c26be264de08205276bf_1727406871773.csv
  Processing: raw_data_663a6ba5dab218115013c324_1728879760737.csv
  Processing: raw_data_6691809035e52ca9b2b0f39a_1727420707913.csv
  Processing: raw_data_60887a654f55f863e95ca944_1728484409919.csv
  Processing: raw_data_55aeaeb3fdf99b5c769f1f7c_1727410608778.csv
  Processing: raw_data_66ce02820b2bec6b6685f027_1728484554496.csv
  Processing: raw_data_64418a4fece4a37fc3cbcb5e_1727406086162.csv
  Processing: raw_data_6679af725f681821b6bc1328_1728496188186.csv
  Processing: raw_data_666eb8e8a72994f38c7755b0_1728500034979.csv
  Processing: raw_data_unknown31_1742321041222.csv
  Processing: raw_data_66731549db14893d2dcac60b_1728879368307.csv
  Processing: raw_data_unknown30_1742309932592.csv
  Processing: raw_data_55a2fa33fdf99b073cd94947_1742235550232.csv
  Processing: raw_data_650ee274aa4447ac435b7830_1728880860580.csv
  Processing: raw_data_60e512b2d1c5df8a26df8d8a_1742234419423.csv
  Processing: raw_data_651c2cc23704dc10500ae77c_1727410995417.csv
  Processing: raw_data_67725df51265f76e247ee399_1738853322134.csv
  Processing: raw_data_63d1569edf6780583e4e3009_1728483902454.csv
  Processing: raw_data_663bfe140c74c71901d42c73_1727407877747.csv
  Processing: raw_data_5a382bd65a83ff00015ae9db_1727446052712.csv
  Processing: raw_data_65c10f720f94a8697e141aa1_1742234460126.csv
  Processing: raw_data_unknown27_1742270233254.csv
  Processing: raw_data_5d4fc7b44ec90b0017218453_1728497394394.csv
  Processing: raw_data_5f24b0fc546c5a0c3c2e43b6_1728879806051.csv
  Processing: raw_data_668ec6d806bc125c6a6e71a5_1728880476972.csv
  Processing: raw_data_670c0fcfae775bc7848d76d8_1728881870570.csv
  Processing: raw_data_66d9f2d8fd2466162855abf8_1727412129663.csv
  Processing: raw_data_66d0ad1b369daf67466ecfd3_1727409845505.csv
  Processing: raw_data_665b314433cab3c88740d2da_1727408949935.csv
  Processing: raw_data_66882aa24df0fd933a8b17b3_1727406303150.csv
  Processing: raw_data_60e68d7dc0d998d1c7842a65_1727408273047.csv
  Processing: raw_data_5c1c15f6bcc75f00016f7e5e_1728484045372.csv
  Processing: raw_data_6018716ed4f78810e4763ecb_1727408216783.csv
  Processing: raw_data_659c0d01b8ec64c5b142bdfc_1727413471508.csv
  Processing: raw_data_653ab43a60a6514b9c3d2bd5_1727405881267.csv
  Processing: raw_data_655a1ff1629a34555ae4315d_1727410701932.csv
  Processing: raw_data_627952f93c698e40248a41ae_1727429296064.csv
  Processing: raw_data_62b755ac8d4ceeb1a463c05a_1727409254609.csv
  Processing: raw_data_66a72d05236826287427eeea_1727412149597.csv
  Processing: raw_data_5a893c8cf49c9a0001f3a221_1728879856676.csv
  Processing: raw_data_66f5a409907b497bd538fd03_1727406825608.csv
  Processing: raw_data_63e554b7631c8ec3ce069e32_1727407878742.csv
  Processing: raw_data_66f397d44047bae028827f69_1727407121108.csv
  Processing: raw_data_6655ca0288143469fa6f473b_1727420994477.csv
  Processing: raw_data_unknown20_1742003907810.csv
  Processing: raw_data_636212999d9d4a04989c95e9_1728499625203.csv
  Processing: raw_data_670b6533130981c2509b1c91_1738849212700.csv
  Processing: raw_data_670c913a071259e523e96acc_1728879453226.csv
  Processing: raw_data_5df9823aac9e16711320ea7f_1727406547566.csv
  Processing: raw_data_unknown1_1741066303844.csv
  Processing: raw_data_629d16db307da2e64ea7b1e7_1727406594316.csv
  Processing: raw_data_66356ffe9661f0497f3860c8_1727413002089.csv
  Processing: raw_data_60d41f1884db98332554af48_1727406844472.csv
  Processing: raw_data_5e164e81502213c397f0cf39_1728496974869.csv
  Processing: raw_data_unknown43_1743183048320.csv
  Processing: raw_data_unknown48_1745377037407.csv
  Processing: raw_data_unknown53_1745502717901.csv
  Processing: raw_data_643cc6904e25347507713bce_1727409153769.csv
  Processing: raw_data_66f3515ea0ea5ba3a2a05e7c_1727408195474.csv
  Processing: raw_data_6716deaf9d399c9499b878cd_1738849496957.csv
  Processing: raw_data_66d63bf354de4c20d9369e20_1727412558914.csv
  Processing: raw_data_5c0bd930a822970001a95603_1728499986520.csv
  Processing: raw_data_5caec6b270da3100017f35de_1727406945964.csv
  Processing: raw_data_unknown42_1743181640947.csv
  Processing: raw_data_666cd244c4e9f0b3a060c2c7_1727410567629.csv
  Processing: raw_data_669c2c723cd836082cf65ebb_1727407099224.csv
  Processing: raw_data_5e862ffe5c1f8424c8d03c25_1727406643917.csv
  Processing: raw_data_66b4282a76f9d01e64dee065_1727408127403.csv
  Processing: raw_data_unknown7_1741294619078.csv
  Processing: raw_data_615b01ee4cd1755b6144e0a4_1727406026616.csv
  Processing: raw_data_6112e8144698d4cb4141d3f7_1728878871620.csv
  Processing: raw_data_unknown23_1742223928544.csv
  Processing: raw_data_65d2d42bf0f4714e5dc1ec15_1728496442670.csv
  Processing: raw_data_6684b94d57a0c012bbaa5398_1727406866577.csv
  Processing: raw_data_6582f8df3caaad035e4eaf2f_1727407249778.csv
  Processing: raw_data_63490aabacf820c6802bf494_1727406262198.csv
  Processing: raw_data_unknown57_1745516764135.csv
  Processing: raw_data_67d25567ec4287bfd0c99ca4_1742233045872.csv
  Processing: raw_data_6567492900b32685a1ca02ae_1727407224964.csv
  Processing: raw_data_604954e0c32f8060c52eee57_1728500698065.csv
  Processing: raw_data_604d6b35873197f34491a761_1727407771729.csv
  Processing: raw_data_61086006e86b66e7a6ecfa7e_1727409660493.csv
  Processing: raw_data_66b79c03cc43c649a591931f_1727406538294.csv
  Processing: raw_data_65ff3309a5d3c08d9b2e9ada_1727422997911.csv
  Processing: raw_data_unknown18_1741977273553.csv
  Processing: raw_data_66db721e677a3f0bf3087606_1727409068069.csv
  Processing: raw_data_67b803bd39d29c2fbfd2e529_1742235391601.csv
  Processing: raw_data_66b49d0cefff5e8db6c6b39d_1727406246085.csv
  Processing: raw_data_63d7d63f02fe0c728604e529_1728483245027.csv
  Processing: raw_data_5fc803709e587e1295172443_1728483719636.csv
  Processing: raw_data_640f4e73468a5f639101e483_1727422715847.csv
  Processing: raw_data_62cba72839d35cbf953cdd6f_1727410252441.csv
  Processing: raw_data_6668a638ee51b4f1656862e8_1727413413340.csv
  Processing: raw_data_63655ebbb1b1d02244d46c45_1727406397893.csv
  Processing: raw_data_unknown55_1745515300575.csv
  Processing: raw_data_5acfc892d9f7470001db04d6_1727407778071.csv
  Processing: raw_data_5c33d22b6f160f0001349d6b_1728880285491.csv
  Processing: raw_data_664fa9a4f946a81722b3f1c7_1738847990915.csv
  Processing: raw_data_66d7b253c64eb18aa549d79c_1727414313994.csv
  Processing: raw_data_665662df0ce81f2928bf6867_1727408868922.csv
  Processing: raw_data_unknown35_1742746562296.csv
  Processing: raw_data_66c80caa0c038c4f1ef01754_1738850625299.csv
  Processing: raw_data_610858d216ad5a7a479e3f7c_1728879343799.csv
  Processing: raw_data_5fb5ef0ab61b9e02d5752768_1727410142808.csv
  Processing: raw_data_66d0c694ecb5edf6367120bb_1727406643598.csv
  Processing: raw_data_66e21734b908570af82668ad_1727407722136.csv
  Processing: raw_data_6547d2f1f53f11ae40ae3e54_1727405606599.csv
  Processing: raw_data_66ba1ab61e18b5506107be07_1727407663685.csv
  Processing: raw_data_6320e0bc9b0649f05c5bb242_1727410368193.csv
  Processing: raw_data_5b9fe9879624180001134e44_1728484425423.csv
  Processing: raw_data_610197ccfc001fec7476a5b8_1727405645298.csv
  Processing: raw_data_66fd131b4ece3a7928716865_1738848136618.csv
  Processing: raw_data_57bdf383467f26000125dbb9_1727406769184.csv
  Processing: raw_data_6699a25283cc632fc8173c52_1727405568895.csv
  Processing: raw_data_650c412ad5ca2b8f21fc963b_1727409712882.csv
  Processing: raw_data_66455384e4b599e96769ba63_1727407781647.csv
  Processing: raw_data_66df466f1d95ba0e8344249e_1727408693557.csv
  Processing: raw_data_5efe8c25e921d23a9daec079_1738852833245.csv
  Processing: raw_data_661438bb47dacc758ab949b9_1727407566848.csv
  Processing: raw_data_66a4b71e4e2313876dfec9fc_1728879439630.csv
  Processing: raw_data_663ba98aaef0a810990579ad_1727428045848.csv
  Processing: raw_data_66ee033078ac153667a8aa2f_1727420959910.csv
  Processing: raw_data_666f3a984473f14330d79410_1727408044485.csv
  Processing: raw_data_66dff19f31bbef48a3543cb1_1727418304073.csv
  Processing: raw_data_662943b6c211dec0e7e1c90e_1727405668266.csv
  Processing: raw_data_67c37b3de7f32fe80ac6e915_1742234259678.csv
  Processing: raw_data_65cc57762d238ef48ea0dce1_1727405427500.csv
  Processing: raw_data_63da9d744c860382808770bd_1727412420710.csv
  Processing: raw_data_676270223569a4b890a3d379_1738850509805.csv
  Processing: raw_data_5fbb89e20ddd50a66ab62a67_1727408420419.csv
  Processing: raw_data_66a3fd496e0535e7a500ae64_1727423245233.csv
  Processing: raw_data_5d11e762cc2d290016bc2364_1727408445770.csv
  Processing: raw_data_66b2062c8571c93aa39a8abc_1727407429894.csv
  Processing: raw_data_643ead9be9be7fa2c20e1a53_1727415632095.csv
  Processing: raw_data_664659b64590852a75962f8a_1728496510049.csv
  Processing: raw_data_unknown19_1741980468922.csv
  Processing: raw_data_66d620579e7ea624a7a63e19_1727412565973.csv
  Processing: raw_data_665de165057136a924eda46a_1727427185699.csv
  Processing: raw_data_663e1c7683991d278fb128a7_1727408921505.csv
  Processing: raw_data_566a4cf27da0350012b4582d_1727406848737.csv
  Processing: raw_data_unknown62_1745623182707.csv
  Processing: raw_data_66f578343a3ef5afed111fb9_1727405968493.csv
  Processing: raw_data_6778953ffe966e4dc7f49615_1738846384842.csv
  Processing: raw_data_66a912176a9a68d2dc7c9ea3_1727408870963.csv
  Processing: raw_data_669a800eaf38a94d6ecc4227_1738846940582.csv
  Processing: raw_data_65c12143b109e591c2192ade_1728498448465.csv
  Processing: raw_data_6091c2e02bbc549874e0227b_1727399600573.csv
  Processing: raw_data_663314bcc8a90b60fb70b24d_1727407882557.csv
  Processing: raw_data_unknown61_1745617057539.csv
  Processing: raw_data_6508adaced024f8da237ff03_1727409182553.csv
  Processing: raw_data_5b15307351caaf0001228d9b_1742236310462.csv
  Processing: raw_data_66d3728a3990854e1d6e9939_1727413975717.csv
  Processing: raw_data_unknown46_1743271254104.csv
  Processing: raw_data_660c5750655445cb8eaa911f_1727410941582.csv
  Processing: raw_data_5e7fe0a46db6e86cd7c6b213_1727407109251.csv
  Processing: raw_data_668132a412dcb4b45a1537a4_1727428233816.csv
  Processing: raw_data_6653954cef623f7a2ac0d3d5_1727406353986.csv
  Processing: raw_data_662955d64cae1490b567c95b_1728483660919.csv
  Processing: raw_data_62964d27c2b2866faa677493_1728499898323.csv
  Processing: raw_data_662e5d88c1b7af9c33c75b6a_1728497235886.csv
  Processing: raw_data_66464091c19149614012c5f6_1727407550890.csv
  Processing: raw_data_6316212c1109a3b1bac89fe6_1728485068060.csv
  Processing: raw_data_65c2510fa94c23aa2cc4de8b_1728483353755.csv
  Processing: raw_data_66d868e82730a41b728e2bf0_1727417685345.csv
  Processing: raw_data_5c66386c8654fe00018d4419_1727407216117.csv
  Processing: raw_data_6666f1d3aa16345b24c7bef0_1727422599640.csv
  Processing: raw_data_unknown50_1745415256625.csv
  Processing: raw_data_670cf273c8b530a368f7843c_1742233745552.csv
  Processing: raw_data_5ded95de4ee10e4632cab59b_1727406763845.csv
  Processing: raw_data_5c1813d5d2790700010a718f_1728495863842.csv
  Processing: raw_data_665f53a83f8f72ce0cdaf0d5_1728879959983.csv
  Processing: raw_data_6138c15bd47ecca8b56a704f_1728484993077.csv
  Processing: raw_data_6788080ea6fe6b1104bb0764_1738849160381.csv
  Processing: raw_data_67ad733cf9a01c2ad45b7822_1742233112259.csv
  Processing: raw_data_584626b7e0ba710001a47438_1727409206672.csv
  Processing: raw_data_5f763e6e7632050c3712feac_1727408047418.csv
  Processing: raw_data_66bab0489f9e283148edf36e_1727411168122.csv
  Processing: raw_data_66495b83f9f5ed828568503f_1727421896665.csv
  Processing: raw_data_66e486f09a61a799b7136e38_1727408951721.csv
  Processing: raw_data_5e89533c4d3d675e800bfc7c_1738847015015.csv
  Processing: raw_data_unknown21_1742071556541.csv
  Processing: raw_data_unknown22_1742154048115.csv
  Processing: raw_data_65e207f52aa80c2ecbb55ddd_1727409602902.csv
  Processing: raw_data_66a1ef63b43b7c3b309ca628_1727411229495.csv
  Processing: raw_data_61549a2caa92d84f392000e9_1728485279543.csv
  Processing: raw_data_60c43074007f97df5d485459_1727405924582.csv
  Processing: raw_data_65b1553ac22ba4c80aeecd16_1727409725947.csv
  Processing: raw_data_668f8d7343028ae0faa7a907_1727418439855.csv
  Processing: raw_data_65ee95114d6d083f224fb2fe_1728880579348.csv
  Processing: raw_data_5c3820ee1ede2b0001155929_1727405821941.csv
  Processing: raw_data_5e880e876d76504853b89be8_1727405382143.csv
  Processing: raw_data_6631c64695915d210ae3c8de_1727405685779.csv
  Processing: raw_data_6234965d3869b875dc31d93a_1738848260986.csv
  Processing: raw_data_60d8c3f7b29ef0af10d9203b_1727409046357.csv
  Processing: raw_data_66824f1966a46491ca3d15ec_1728880070511.csv
  Processing: raw_data_67cf0868690037aa2997bdab_1742234323937.csv
  Processing: raw_data_60abdc82ec2d1e548b986424_1727422275177.csv
  Processing: raw_data_66da369f62b0e045fd9723f2_1727407838294.csv
  Processing: raw_data_unknown26_1742264074537.csv
  Processing: raw_data_5f723cf881f5c0159cfa6da1_1727409229817.csv
  Processing: raw_data_66df255fc0e34d721c9b5f1e_1727410037292.csv
  Processing: raw_data_unknown17_1741814432207.csv
  Processing: raw_data_558a035bfdf99b2d75651378_1728484149103.csv
  Processing: raw_data_66b7a568dc840de90fbedccf_1728446058337.csv
  Processing: raw_data_6157d4e8c339aeb409d2e6a9_1727407603493.csv
  Processing: raw_data_unknown47_1743337562763.csv
  Processing: raw_data_63d426bd9835498f2906f458_1727406541634.csv
  Processing: raw_data_67d18c20050ecfd766de3af3_1742235865092.csv
  Processing: raw_data_unknown2_1741119842168.csv
  Processing: raw_data_67d71d116086654c357b673b_1742233243762.csv
  Processing: raw_data_564dd73edc21cd000dba8ce1_1738850435137.csv
  Processing: raw_data_unknown49_1745408854248.csv
  Processing: raw_data_66817f4754e17e6ec71a44b0_1727407731451.csv
  Processing: raw_data_655cc974613aec120f21293b_1738848120809.csv
  Processing: NO_SUMMARY_raw_data_unknown_1741293337149.csv
  Processing: raw_data_5c2cb4149461620001c075c2_1738851506782.csv
  Processing: raw_data_66ead9e7a8a1d43eed2fac97_1727406993695.csv
  Processing: raw_data_66d9e5be01c10680b7e12aa4_1727409596904.csv
  Processing: raw_data_5b60ddcc6b25590001782ce4_1738847567202.csv
  Processing: raw_data_6668d0285bed676ff3ddbb19_1727442930516.csv
  Processing: raw_data_670c6686f62af8890119fe98_1728880453736.csv
  Processing: raw_data_665fc69fe8d5562ac1294f30_1727397911808.csv
  Processing: raw_data_6664f2a4df585dff20e4c1a1_1727408859923.csv
  Processing: raw_data_6643c5d1c53f7ffbef7b96e0_1727406008668.csv
  Processing: raw_data_65f7ec662fa211731f90c300_1727407869390.csv
  Processing: raw_data_6419ae0434916e5dde92e2f2_1727406315346.csv
  Processing: raw_data_5a95fee189de8200013eddd4_1742233653830.csv
  Processing: raw_data_unknown16_1741731556567.csv
  Processing: raw_data_64b74fc78ad5beabe87e901f_1727410617002.csv
  Processing: raw_data_64d525cf660422c33e465cf4_1727409976213.csv
  Processing: raw_data_66323d939b2d0034bf2e729b_1727408035336.csv
  Processing: raw_data_668dcac9d198558b30239601_1727443350619.csv
  Processing: raw_data_5c6215140a6eb100012abfc5_1727405898194.csv
  Processing: raw_data_66da08c0a595569edd55aea9_1727404808308.csv
  Processing: raw_data_67d6ed509e957b73254d6165_1742234097670.csv
  Processing: raw_data_64012a657bba30f125af8ddb_1728879907105.csv
  Processing: raw_data_65590d4d83c54f5e1c90fd67_1738848259073.csv
  Processing: raw_data_64a1b6b6f8c0eef920b7905d_1728878793872.csv
  Processing: raw_data_unknown13_1741640702910.csv
  Processing: raw_data_56e019f1a3b147000bc63028_1728483765487.csv
  Processing: raw_data_662a43a5ff89ca80855969b8_1727425202882.csv
  Processing: raw_data_664a4342cfb111168d73bdc6_1738853514297.csv
  Processing: raw_data_565a3d24c51d430005875042_1728497266150.csv
  Processing: raw_data_66f1b4e2d875c6785ca1d50a_1742233218331.csv
  Processing: raw_data_637ec171840002bcfac0d78f_1727411078191.csv
  Processing: raw_data_5c7307403065320001bdf00f_1727413321447.csv
  Processing: raw_data_66f5bad5c6756d9ab2f54d44_1727405586612.csv
  Processing: raw_data_6636396184346e2371d067ec_1728498858505.csv
  Processing: raw_data_66cbb7d15f437327d8954aaf_1727405386134.csv
  Processing: raw_data_5f82567f1e720a3842580d23_1727428412392.csv
  Processing: raw_data_unknown41_1743118649918.csv
  Processing: raw_data_6680d577ce8b233327b0272e_1728491256611.csv
  Processing: raw_data_unknown36_1742775941441.csv
  Processing: raw_data_66b66b2ef7f71d99c4688115_1727407191629.csv
  Processing: raw_data_65a57eb301986aa457416186_1728878820904.csv
  Processing: raw_data_6642df031fa926d87545bc56_1727409573333.csv
  Processing: raw_data_unknown15_1741726418855.csv
  Processing: raw_data_66d5ed00cebb7301854e2f9e_1727407447784.csv
  Processing: raw_data_unknown56_1745516204760.csv
  Processing: raw_data_60d8c6bc9686529cdc824a49_1727407835960.csv
  Processing: raw_data_66f5c81fa771db6db1bc2382_1727405477667.csv
  Processing: raw_data_unknown6_1741284036104.csv
  Processing: raw_data_65dddf17b8d6050c2ffd5f30_1727427678074.csv
  Processing: raw_data_664a145511338d9b7165824c_1727407321367.csv
  Processing: raw_data_574ce0a57fd0ec000db73aa6_1727410726271.csv
  Processing: raw_data_668a6f07c623b9b9500b962f_1727412434226.csv
  Processing: raw_data_662e87b96103ede100a0d5c2_1727407719235.csv
  Processing: raw_data_6725c2fd953ca2886c5fb4cd_1738849581830.csv
  Processing: raw_data_5a6eac90d5d4cb0001d6815a_1727405551955.csv
  Processing: raw_data_5c4a4b329ba9e00001ffc4f3_1727409377760.csv
  Processing: raw_data_5db2f526666085000a4af66f_1727408925043.csv
  Processing: raw_data_6110a34807df3d33c4bc0d3e_1728495870253.csv
  Processing: raw_data_66eb8392a83124c440666fb1_1727405971509.csv
  Processing: raw_data_611e01b5cbc5c8e6b0e6114d_1728497143779.csv
  Processing: raw_data_unknown9_1741374879867.csv
  Processing: raw_data_5dd5a02b4fee995505ee89c2_1728883430450.csv
  Processing: raw_data_66ec96b136b351df64d13439_1727408237050.csv
  Processing: raw_data_668845e4bd21418b33877692_1727410127461.csv
  Processing: raw_data_670c05d1ed07d52a75d474a9_1728878682776.csv
  Processing: raw_data_5f095db6fc8e5a1e2271dc47_1727410782254.csv
  Processing: raw_data_65c193ee2725b7aa17d96235_1727406575026.csv
  Processing: raw_data_63ea5b40dc74af0007b0dd1f_1728483655546.csv
  Processing: raw_data_6340c232c8974119146b504c_1727406784338.csv
  Processing: raw_data_5f4fe2d73a8bb611a36a94c4_1727406212454.csv
  Processing: raw_data_66d8dcb066dee046f2cc0bb0_1727424971450.csv
  Processing: raw_data_66b3f4f6638d6c04c8736205_1727407775170.csv
  Processing: raw_data_65fc55f0dd070026d29006a8_1738852886826.csv
  Processing: raw_data_66c75e8a0e573e7401f0cb90_1728497027612.csv
  Processing: raw_data_655f8da6abba5f374f3145dc_1728497015791.csv
  Processing: raw_data_60b9af795939f976cb74232a_1727407999700.csv
  Processing: raw_data_65a8700c0279e6d71af87a3e_1727414454927.csv
  Processing: raw_data_666d1b17c23301fd272607ae_1728483641369.csv
  Processing: raw_data_6680a001ac541835a7e00e4b_1727411641985.csv
  Processing: raw_data_663ace962b1ea67597b971da_1728881262496.csv
  Processing: raw_data_unknown29_1742274223315.csv
  Processing: raw_data_5de7d12c26dd95000b6824c5_1738851249205.csv
  Processing: raw_data_617612aa86abe09e0c69b7f2_1727407865428.csv
  Processing: raw_data_67d6f0abf1077573db429378_1742233150540.csv
  Processing: raw_data_656083eb366411e4a862f58c_1728483183019.csv
  Processing: raw_data_65cd8c280c8cf5eec31c2872_1728483754177.csv
  Processing: raw_data_6172b85dcc19bffb22604f1b_1728483592584.csv
  Processing: raw_data_63ea4730d677f800a8887ad6_1727413362143.csv
  Processing: raw_data_5f048fdc0aea5b0ae3215fc9_1727411443628.csv
  Processing: raw_data_639b9ab341f4429b1b3c06a2_1727420624510.csv
  Processing: raw_data_unknown60_1745615224802.csv
  Processing: raw_data_6056962634a5230dacdb63fc_1727408506017.csv
  Processing: raw_data_66e04bcf859d1e60bfa67bfe_1727408377220.csv
  Processing: raw_data_unknown12_1741626061688.csv
  Processing: raw_data_unknown54_1745505779697.csv
  Processing: raw_data_622a4cc50412091154bae7f0_1727411617186.csv
  Processing: raw_data_65d7560322f73f770ddf489b_1727420507484.csv
  Processing: raw_data_unknown3_1741136528568.csv
  Processing: raw_data_unknown52_1745457745726.csv
  Processing: raw_data_66b7a568dc840de90fbedccf_1727396194472.csv
  Processing: raw_data_5d824fa9be1eee0016258e42_1728496946066.csv
  Processing: raw_data_6690be726876d22dba2385e1_1727409321578.csv
  Processing: raw_data_651c5ad3595db72e6267f29b_1727425367824.csv
  Processing: raw_data_662af67343d44ad86c6da7f4_1727410598755.csv
  Processing: raw_data_672a906471cc580fbbba6778_1738847117294.csv
  Processing: raw_data_653581671571d347299832d7_1727414927081.csv
  Processing: raw_data_65c6bbe7f9428763522fa244_1727407802772.csv
  Processing: raw_data_66e46bfe1f78048b57ab10ba_1728496807557.csv
  Processing: raw_data_604d8f415e948938fd60b536_1727406283353.csv
  Processing: raw_data_62dc2f45630616c5920dcb75_1742232420203.csv
  Processing: raw_data_559e82dffdf99b7a9a124180_1727410116128.csv
  Processing: raw_data_66be0a567f43ec797d61ac6a_1727406904475.csv
  Processing: raw_data_599de51717c03c000151b1f4_1727409358451.csv
  Processing: raw_data_5f1d14499de7845fca9fe9cc_1728496481981.csv
  Processing: raw_data_66f4572e9195fd326ecb20a8_1727406673546.csv
  Processing: raw_data_663abe859bcc3ea8ef9bbdf3_1727413865077.csv
  Processing: raw_data_unknown32_1742678708044.csv
  Processing: raw_data_5efbe3c91cb67519d2f20b7b_1727410368476.csv
  Processing: raw_data_unknown59_1745607936412.csv
  Processing: raw_data_66c9c936b895864e51aac8e3_1738848728162.csv
  Processing: raw_data_66e73520ed8cbd409d3d04e9_1727409088387.csv
  Processing: raw_data_6727e899c0234a5834ee46e7_1738851608759.csv
  Processing: raw_data_63f265ed3f8f2a159b5c793b_1727408678553.csv
  Processing: raw_data_66f3e3aa6ba6f3d2ddf229c1_1728485849088.csv
  Processing: raw_data_5be4a80e854f100001537863_1727407907377.csv
  Processing: raw_data_67b90bd2378d1b5a40b1ad60_1742234244702.csv
  Processing: raw_data_6659485c0acc6e0ea889aa2f_1727419569883.csv
  Processing: raw_data_66d46261dbacd508795802fd_1727421032547.csv
  Processing: raw_data_611af7dc150eb89a935edc3c_1727405773674.csv
  Processing: raw_data_669eabd1fe6f69133cce726a_1728485550908.csv
  Processing: raw_data_5f0160c161fa112b27e788f6_1728881360455.csv
  Processing: raw_data_unknown8_1741296094169.csv
  Processing: raw_data_67c3acf211b153c47651a2ed_1742236355243.csv
  Processing: raw_data_642e10f11d857b6e6bf20522_1738848562473.csv
  Processing: raw_data_66ac3dbee15ba2ca0996f1e5_1727415603325.csv
  Processing: raw_data_5d4c7d1a2a25e5000114cf3b_1727409348695.csv
  Processing: raw_data_6150b927614a4f154f311f9d_1738850235816.csv
  Processing: raw_data_5d7cde267ec29c001af05507_1727432376048.csv
  Processing: raw_data_66c9da41266b99bdbbdad8e8_1727406786727.csv
  Processing: raw_data_668d32274206c26e679bf65f_1727406646826.csv
  Processing: raw_data_unknown51_1745438417421.csv
  Processing: raw_data_6287b7c5ca9c9f4b61f3300c_1727412141620.csv
  Processing: raw_data_66b68d208b834b6759025408_1727405684397.csv
  Processing: raw_data_67055b308d449a035ed79578_1728496819126.csv
  Processing: raw_data_610f326ceebada4236a67080_1727413438348.csv
  Processing: raw_data_6724ad43bd6f666e18f6c2ef_1738847675723.csv
  Processing: raw_data_6234a71d1b478a615e51ab69_1728495890453.csv
  Processing: raw_data_6660b995604968ce1d8ab1c9_1727421333387.csv
  Processing: raw_data_667ad3a189817cf129ae61e6_1727410238161.csv
  Processing: raw_data_603c92ad5ed1c29cf04476ca_1738850707663.csv
  Processing: raw_data_63b5eb0ec316229203f1ddae_1727413471816.csv
  Processing: raw_data_66f492656cd4d489382b27a8_1728885281981.csv
  Processing: raw_data_66e1db013b5b9c42283af192_1727421692129.csv
  Processing: raw_data_unknown39_1743187856985.csv
  Processing: raw_data_67298904ec53466c42916b59_1742232873112.csv
  Processing: raw_data_662fae1fd216081565d9e8fd_1727418347054.csv
  Processing: raw_data_unknown28_1742273373430.csv
  Processing: raw_data_666c0088634cc2e1573b49ee_1727411323616.csv
  Processing: raw_data_66549179a1cb5573cc49c790_1727406055857.csv
  Processing: raw_data_607802b6d705eba12dcc4413_1727408290427.csv
  Processing: raw_data_5de87c376522177f4f41cbd2_1727408885973.csv
  Processing: raw_data_unknown10_1741622000450.csv
  Processing: raw_data_66841beee3179b88f8b4b14e_1727397538390.csv
  Processing: raw_data_66070f1bd0cd7715c06e606f_1727412514325.csv
  Processing: raw_data_5f6666e43be0b923d23c8df8_1727409447572.csv
  Processing: raw_data_5e8aa39f3dabf475987ddaf3_1727409336595.csv
  Processing: raw_data_6159fe7811a7e1b94401c33f_1728878991329.csv
  Processing: raw_data_66a66d138294ce022ab541fe_1728497126886.csv
  Processing: raw_data_65e6ac530ea25196de9143c0_1727411608932.csv
  Processing: raw_data_unknown34_1742740479806.csv
  Processing: raw_data_66632c69d2b270f0314a0b16_1728484237215.csv
  Processing: raw_data_60fdf18884991b2263f75eec_1738845627905.csv
  Processing: raw_data_66d931362ce64ae2b9c59fce_1727410068761.csv
  Processing: raw_data_60fecc9d3aa290e0935cb9d7_1727405637556.csv
Loaded 1186501 total typing data records
After filtering: 1154765 records
  âœ… Found 650 unique key-to-key movements
  ðŸ“Š Calculating medians from 650 unique movements:
    - 650 movements with sufficient data (â‰¥3 instances)
    - 0 movements with insufficient data (<3 instances)
  âœ… Calculated median timings for 650 movements

ðŸŸ¡ Stage 2: Computing times for all 1024 key-pairs
  ðŸ“ˆ Available empirical data: 650 movements
    Progress: 0/1024 (0.0%)
    Progress: 100/1024 (9.8%)
    Progress: 200/1024 (19.5%)
    Progress: 300/1024 (29.3%)
    Progress: 400/1024 (39.1%)
    Progress: 500/1024 (48.8%)
    Progress: 600/1024 (58.6%)
    Progress: 700/1024 (68.4%)
    Progress: 800/1024 (78.1%)
    Progress: 900/1024 (87.9%)
    Progress: 1000/1024 (97.7%)
  ðŸ“Š Component analysis:
    - 1024 pairs have empirical or fallback timing data
    - 0 pairs need maximum fallback
  âœ… Maximum total time found: 887.3ms
  âœ… Time computation complete:
    - 450 pairs used pure empirical data
    - 574 pairs used mirror/fallback data
    - 0 pairs used maximum fallback (887.3ms)
âœ… Loaded 669 English bigram frequencies for debiasing

ðŸ”§ Applying frequency-based debiasing...
   ðŸ“ Mapped 625 letter-pairs to key-pairs
   ðŸ“Š Frequency-time correlation: -0.523
   ðŸ“Š Regression bias factor: 24363.2ms per frequency unit
      (RÂ²=0.274, p=0.000)
   âœ… Using regression bias factor (statistically significant)
   ðŸŽ¯ Using bias factor: 24363.2ms per frequency unit
      QU: 549.2ms â†’ 607.5ms (+58.4ms)
      WE: 384.4ms â†’ 475.9ms (+91.5ms)
      WR: 457.8ms â†’ 484.3ms (+26.5ms)
      WT: 553.0ms â†’ 565.1ms (+12.1ms)
      WI: 460.8ms â†’ 554.0ms (+93.2ms)
      WO: 451.0ms â†’ 522.6ms (+71.6ms)
      WA: 456.6ms â†’ 551.1ms (+94.5ms)
      WS: 480.0ms â†’ 508.3ms (+28.3ms)
      WH: 568.1ms â†’ 661.8ms (+93.7ms)
      WL: 487.0ms â†’ 505.5ms (+18.5ms)
      WB: 599.5ms â†’ 642.1ms (+42.6ms)
      EQ: 464.2ms â†’ 500.5ms (+36.3ms)
      EW: 389.1ms â†’ 441.0ms (+51.9ms)
      EE: 442.7ms â†’ 536.2ms (+93.6ms)
      ER: 352.6ms â†’ 570.9ms (+218.3ms)
      ET: 445.3ms â†’ 543.1ms (+97.8ms)
      EY: 477.4ms â†’ 535.0ms (+57.6ms)
      EU: 458.0ms â†’ 484.7ms (+26.7ms)
      EI: 411.2ms â†’ 476.4ms (+65.1ms)
      EO: 442.7ms â†’ 483.5ms (+40.8ms)
      EP: 462.5ms â†’ 525.5ms (+63.0ms)
      EA: 394.2ms â†’ 520.6ms (+126.4ms)
      ES: 406.2ms â†’ 582.7ms (+176.5ms)
      ED: 405.5ms â†’ 570.3ms (+164.8ms)
      EF: 403.3ms â†’ 464.6ms (+61.3ms)
      EG: 492.8ms â†’ 545.3ms (+52.5ms)
      EH: 453.1ms â†’ 477.6ms (+24.5ms)
      EJ: 515.6ms â†’ 525.6ms (+10.0ms)
      EK: 438.0ms â†’ 457.3ms (+19.3ms)
      EL: 389.2ms â†’ 500.1ms (+110.9ms)
      EZ: 480.1ms â†’ 550.5ms (+70.4ms)
      EX: 460.8ms â†’ 566.1ms (+105.2ms)
      EC: 451.5ms â†’ 528.3ms (+76.8ms)
      EV: 436.9ms â†’ 461.8ms (+24.8ms)
      EB: 478.2ms â†’ 662.1ms (+183.9ms)
      EN: 389.9ms â†’ 483.0ms (+93.1ms)
      RW: 455.3ms â†’ 472.3ms (+17.0ms)
      RE: 369.3ms â†’ 577.0ms (+207.7ms)
      RR: 475.5ms â†’ 528.3ms (+52.8ms)
      RT: 429.9ms â†’ 521.5ms (+91.6ms)
      RY: 495.0ms â†’ 570.7ms (+75.7ms)
      RU: 471.4ms â†’ 525.8ms (+54.4ms)
      RI: 421.8ms â†’ 551.8ms (+130.0ms)
      RO: 393.3ms â†’ 523.2ms (+129.9ms)
      RP: 511.2ms â†’ 542.1ms (+30.9ms)
      RA: 404.3ms â†’ 530.5ms (+126.2ms)
      RS: 445.4ms â†’ 541.3ms (+95.9ms)
      RD: 456.2ms â†’ 522.4ms (+66.2ms)
      RF: 452.1ms â†’ 479.2ms (+27.1ms)
      RG: 490.2ms â†’ 538.2ms (+48.0ms)
      RH: 499.7ms â†’ 518.2ms (+18.5ms)
      RK: 482.3ms â†’ 529.6ms (+47.3ms)
      RL: 475.5ms â†’ 520.1ms (+44.6ms)
      RX: 589.8ms â†’ 642.7ms (+52.9ms)
      RC: 496.2ms â†’ 536.1ms (+39.9ms)
      RV: 482.9ms â†’ 507.6ms (+24.7ms)
      RB: 548.2ms â†’ 609.0ms (+60.9ms)
      RN: 466.3ms â†’ 529.9ms (+63.6ms)
      TW: 529.2ms â†’ 572.7ms (+43.5ms)
      TE: 433.3ms â†’ 600.7ms (+167.4ms)
      TR: 440.0ms â†’ 539.3ms (+99.4ms)
      TT: 501.3ms â†’ 564.1ms (+62.8ms)
      TY: 456.1ms â†’ 528.6ms (+72.5ms)
      TU: 448.1ms â†’ 524.9ms (+76.8ms)
      TI: 441.9ms â†’ 618.6ms (+176.7ms)
      TO: 416.7ms â†’ 572.3ms (+155.6ms)
      TA: 444.1ms â†’ 555.0ms (+110.9ms)
      TS: 506.4ms â†’ 594.8ms (+88.4ms)
      TF: 559.2ms â†’ 570.4ms (+11.2ms)
      TH: 414.5ms â†’ 701.9ms (+287.4ms)
      TL: 509.3ms â†’ 556.9ms (+47.6ms)
      TX: 608.5ms â†’ 632.9ms (+24.4ms)
      TB: 466.9ms â†’ 481.9ms (+15.0ms)
      TN: 505.8ms â†’ 530.4ms (+24.6ms)
      YE: 610.9ms â†’ 657.1ms (+46.2ms)
      YR: 664.6ms â†’ 677.8ms (+13.2ms)
      YT: 627.9ms â†’ 647.3ms (+19.4ms)
      YI: 683.2ms â†’ 708.8ms (+25.6ms)
      YO: 637.9ms â†’ 696.7ms (+58.8ms)
      YP: 715.0ms â†’ 738.9ms (+23.8ms)
      YA: 570.8ms â†’ 589.7ms (+18.9ms)
      YS: 658.7ms â†’ 705.9ms (+47.2ms)
      YD: 677.6ms â†’ 689.9ms (+12.3ms)
      YL: 710.9ms â†’ 729.2ms (+18.3ms)
      YX: 826.3ms â†’ 843.7ms (+17.4ms)
      YB: 725.4ms â†’ 742.7ms (+17.3ms)
      YN: 666.9ms â†’ 690.1ms (+23.2ms)
      UE: 450.1ms â†’ 508.5ms (+58.4ms)
      UR: 427.6ms â†’ 539.9ms (+112.2ms)
      UT: 444.9ms â†’ 541.8ms (+96.9ms)
      UY: 527.7ms â†’ 537.8ms (+10.0ms)
      UI: 453.0ms â†’ 501.2ms (+48.3ms)
      UO: 509.3ms â†’ 524.8ms (+15.5ms)
      UP: 502.7ms â†’ 558.7ms (+56.0ms)
      UA: 468.1ms â†’ 524.2ms (+56.1ms)
      US: 426.1ms â†’ 528.8ms (+102.7ms)
      UD: 463.1ms â†’ 509.0ms (+45.9ms)
      UF: 502.1ms â†’ 522.6ms (+20.5ms)
      UG: 481.1ms â†’ 535.5ms (+54.3ms)
      UK: 518.1ms â†’ 528.2ms (+10.1ms)
      UL: 518.4ms â†’ 607.9ms (+89.5ms)
      UX: 594.6ms â†’ 660.5ms (+65.9ms)
      UV: 569.1ms â†’ 614.3ms (+45.2ms)
      UB: 490.9ms â†’ 586.5ms (+95.6ms)
      UN: 472.1ms â†’ 528.6ms (+56.5ms)
      IQ: 607.0ms â†’ 622.9ms (+15.9ms)
      IE: 426.6ms â†’ 521.0ms (+94.4ms)
      IR: 412.9ms â†’ 498.4ms (+85.5ms)
      IT: 441.8ms â†’ 603.4ms (+161.6ms)
      IU: 499.5ms â†’ 519.4ms (+19.9ms)
      II: 471.6ms â†’ 494.4ms (+22.8ms)
      IO: 443.3ms â†’ 582.6ms (+139.3ms)
      IP: 474.0ms â†’ 519.3ms (+45.3ms)
      IA: 423.0ms â†’ 504.4ms (+81.4ms)
      IS: 410.5ms â†’ 572.5ms (+162.0ms)
      ID: 424.2ms â†’ 507.0ms (+82.7ms)
      IF: 453.0ms â†’ 521.6ms (+68.6ms)
      IG: 469.8ms â†’ 546.6ms (+76.8ms)
      IK: 471.9ms â†’ 503.2ms (+31.3ms)
      IL: 471.6ms â†’ 571.6ms (+100.0ms)
      IZ: 488.0ms â†’ 510.4ms (+22.4ms)
      IX: 501.8ms â†’ 629.2ms (+127.4ms)
      IC: 437.9ms â†’ 519.6ms (+81.7ms)
      IV: 494.6ms â†’ 542.3ms (+47.7ms)
      IB: 522.6ms â†’ 760.6ms (+238.0ms)
      IN: 420.0ms â†’ 505.8ms (+85.8ms)
      OW: 453.4ms â†’ 541.0ms (+87.5ms)
      OE: 444.8ms â†’ 474.5ms (+29.7ms)
      OR: 412.3ms â†’ 584.6ms (+172.3ms)
      OT: 470.0ms â†’ 571.3ms (+101.3ms)
      OY: 524.7ms â†’ 553.5ms (+28.8ms)
      OU: 434.4ms â†’ 576.6ms (+142.2ms)
      OI: 435.9ms â†’ 480.8ms (+45.0ms)
      OO: 455.2ms â†’ 524.9ms (+69.7ms)
      OP: 446.4ms â†’ 518.4ms (+72.0ms)
      OA: 421.4ms â†’ 457.7ms (+36.3ms)
      OS: 436.3ms â†’ 518.3ms (+82.0ms)
      OD: 455.2ms â†’ 522.4ms (+67.2ms)
      OF: 448.0ms â†’ 613.3ms (+165.3ms)
      OG: 501.8ms â†’ 548.3ms (+46.5ms)
      OH: 513.3ms â†’ 535.4ms (+22.0ms)
      OJ: 509.6ms â†’ 522.1ms (+12.5ms)
      OK: 475.6ms â†’ 514.0ms (+38.4ms)
      OL: 444.9ms â†’ 536.9ms (+92.0ms)
      OZ: 509.9ms â†’ 530.4ms (+20.5ms)
      OX: 492.7ms â†’ 554.7ms (+62.0ms)
      OC: 475.7ms â†’ 539.9ms (+64.2ms)
      OV: 508.6ms â†’ 555.8ms (+47.2ms)
      OB: 502.9ms â†’ 705.2ms (+202.2ms)
      ON: 446.2ms â†’ 558.8ms (+112.6ms)
      PE: 521.9ms â†’ 627.2ms (+105.3ms)
      PR: 581.6ms â†’ 686.5ms (+104.9ms)
      PT: 594.6ms â†’ 644.0ms (+49.4ms)
      PY: 691.6ms â†’ 707.9ms (+16.3ms)
      PU: 629.1ms â†’ 678.2ms (+49.1ms)
      PI: 583.5ms â†’ 636.8ms (+53.3ms)
      PO: 553.6ms â†’ 645.1ms (+91.5ms)
      PP: 629.1ms â†’ 685.2ms (+56.1ms)
      PA: 510.3ms â†’ 596.9ms (+86.6ms)
      PS: 544.4ms â†’ 579.8ms (+35.4ms)
      PH: 636.6ms â†’ 683.2ms (+46.6ms)
      PL: 578.1ms â†’ 656.1ms (+78.0ms)
      PN: 645.6ms â†’ 664.6ms (+19.0ms)
      AW: 433.2ms â†’ 470.3ms (+37.1ms)
      AE: 453.5ms â†’ 470.2ms (+16.7ms)
      AR: 397.5ms â†’ 555.6ms (+158.1ms)
      AT: 426.5ms â†’ 612.4ms (+186.0ms)
      AY: 481.2ms â†’ 552.1ms (+70.9ms)
      AU: 434.0ms â†’ 486.4ms (+52.4ms)
      AI: 395.8ms â†’ 481.4ms (+85.6ms)
      AO: 493.1ms â†’ 503.2ms (+10.1ms)
      AP: 431.4ms â†’ 499.9ms (+68.5ms)
      AS: 362.2ms â†’ 504.5ms (+142.3ms)
      AD: 399.4ms â†’ 491.8ms (+92.4ms)
      AF: 401.2ms â†’ 442.5ms (+41.3ms)
      AG: 433.3ms â†’ 502.2ms (+68.8ms)
      AH: 452.9ms â†’ 470.4ms (+17.5ms)
      AJ: 470.7ms â†’ 487.0ms (+16.3ms)
      AK: 417.5ms â†’ 466.6ms (+49.1ms)
      AL: 389.4ms â†’ 548.4ms (+159.0ms)
      AZ: 466.1ms â†’ 486.8ms (+20.7ms)
      AX: 494.5ms â†’ 596.4ms (+101.9ms)
      AC: 457.0ms â†’ 525.9ms (+68.9ms)
      AV: 489.7ms â†’ 562.6ms (+72.9ms)
      AB: 454.6ms â†’ 669.5ms (+214.9ms)
      AN: 377.1ms â†’ 458.3ms (+81.2ms)
      SQ: 516.9ms â†’ 529.8ms (+12.9ms)
      SW: 469.9ms â†’ 493.0ms (+23.1ms)
      SE: 435.6ms â†’ 582.8ms (+147.2ms)
      SR: 480.0ms â†’ 491.5ms (+11.5ms)
      ST: 505.6ms â†’ 662.1ms (+156.5ms)
      SY: 510.9ms â†’ 547.0ms (+36.1ms)
      SU: 468.9ms â†’ 553.8ms (+84.9ms)
      SI: 437.9ms â†’ 550.9ms (+113.0ms)
      SO: 452.9ms â†’ 549.0ms (+96.0ms)
      SP: 458.5ms â†’ 525.0ms (+66.5ms)
      SA: 439.4ms â†’ 510.4ms (+71.0ms)
      SS: 469.9ms â†’ 566.8ms (+96.9ms)
      SD: 430.3ms â†’ 441.0ms (+10.8ms)
      SF: 462.9ms â†’ 482.6ms (+19.7ms)
      SH: 448.1ms â†’ 533.5ms (+85.5ms)
      SK: 457.9ms â†’ 487.9ms (+30.0ms)
      SL: 441.1ms â†’ 476.9ms (+35.8ms)
      SX: 492.9ms â†’ 552.7ms (+59.8ms)
      SV: 504.8ms â†’ 518.1ms (+13.3ms)
      SB: 580.0ms â†’ 594.4ms (+14.3ms)
      SN: 461.9ms â†’ 500.6ms (+38.7ms)
      DW: 445.8ms â†’ 459.4ms (+13.5ms)
      DE: 411.5ms â†’ 544.8ms (+133.3ms)
      DR: 437.3ms â†’ 481.7ms (+44.4ms)
      DY: 501.4ms â†’ 535.4ms (+34.0ms)
      DU: 415.8ms â†’ 474.3ms (+58.6ms)
      DI: 405.9ms â†’ 512.9ms (+107.0ms)
      DO: 406.8ms â†’ 472.7ms (+66.0ms)
      DA: 388.0ms â†’ 447.1ms (+59.1ms)
      DS: 413.9ms â†’ 467.9ms (+54.0ms)
      DD: 451.1ms â†’ 482.4ms (+31.3ms)
      DG: 527.9ms â†’ 554.5ms (+26.6ms)
      DH: 492.1ms â†’ 503.0ms (+11.0ms)
      DJ: 507.0ms â†’ 517.3ms (+10.3ms)
      DL: 449.6ms â†’ 476.8ms (+27.2ms)
      DC: 445.5ms â†’ 466.3ms (+20.8ms)
      DB: 533.6ms â†’ 546.6ms (+13.0ms)
      DN: 462.1ms â†’ 482.4ms (+20.3ms)
      FE: 534.9ms â†’ 608.9ms (+74.0ms)
      FR: 567.1ms â†’ 637.3ms (+70.2ms)
      FT: 572.2ms â†’ 615.6ms (+43.4ms)
      FY: 638.1ms â†’ 652.4ms (+14.3ms)
      FU: 580.4ms â†’ 627.4ms (+47.0ms)
      FI: 562.4ms â†’ 643.6ms (+81.2ms)
      FO: 547.9ms â†’ 654.3ms (+106.4ms)
      FA: 501.3ms â†’ 562.9ms (+61.6ms)
      FS: 535.1ms â†’ 546.1ms (+11.0ms)
      FF: 592.9ms â†’ 651.0ms (+58.1ms)
      FL: 555.8ms â†’ 594.4ms (+38.6ms)
      GE: 423.0ms â†’ 517.5ms (+94.5ms)
      GR: 487.7ms â†’ 555.2ms (+67.5ms)
      GT: 492.4ms â†’ 511.1ms (+18.7ms)
      GY: 494.9ms â†’ 519.2ms (+24.3ms)
      GU: 451.1ms â†’ 495.5ms (+44.4ms)
      GI: 446.8ms â†’ 506.0ms (+59.2ms)
      GO: 440.5ms â†’ 495.8ms (+55.2ms)
      GA: 451.0ms â†’ 509.4ms (+58.5ms)
      GS: 524.7ms â†’ 559.0ms (+34.3ms)
      GG: 492.4ms â†’ 516.1ms (+23.7ms)
      GH: 455.2ms â†’ 527.8ms (+72.6ms)
      GL: 477.2ms â†’ 514.5ms (+37.3ms)
      GB: 467.3ms â†’ 506.1ms (+38.8ms)
      GN: 465.8ms â†’ 480.6ms (+14.9ms)
      HW: 684.5ms â†’ 694.8ms (+10.3ms)
      HE: 513.2ms â†’ 780.8ms (+267.6ms)
      HR: 603.6ms â†’ 647.7ms (+44.1ms)
      HT: 621.3ms â†’ 676.1ms (+54.8ms)
      HY: 626.3ms â†’ 660.2ms (+33.9ms)
      HU: 564.3ms â†’ 605.5ms (+41.2ms)
      HI: 558.5ms â†’ 691.7ms (+133.2ms)
      HO: 561.6ms â†’ 667.7ms (+106.1ms)
      HA: 517.8ms â†’ 664.5ms (+146.7ms)
      HS: 619.4ms â†’ 637.6ms (+18.2ms)
      HL: 653.2ms â†’ 670.0ms (+16.8ms)
      HB: 657.3ms â†’ 681.5ms (+24.2ms)
      HN: 626.2ms â†’ 643.1ms (+16.9ms)
      JE: 500.5ms â†’ 535.0ms (+34.5ms)
      JU: 536.9ms â†’ 573.6ms (+36.7ms)
      JO: 512.8ms â†’ 547.9ms (+35.1ms)
      JA: 494.8ms â†’ 519.1ms (+24.3ms)
      KE: 465.3ms â†’ 535.6ms (+70.3ms)
      KY: 637.7ms â†’ 649.2ms (+11.5ms)
      KI: 506.3ms â†’ 553.8ms (+47.5ms)
      KO: 518.1ms â†’ 529.7ms (+11.6ms)
      KA: 478.2ms â†’ 497.8ms (+19.6ms)
      KS: 530.7ms â†’ 563.7ms (+33.0ms)
      KL: 516.8ms â†’ 532.2ms (+15.4ms)
      KB: 637.3ms â†’ 671.6ms (+34.3ms)
      LW: 535.7ms â†’ 552.6ms (+16.9ms)
      LE: 409.7ms â†’ 548.5ms (+138.8ms)
      LR: 563.9ms â†’ 578.9ms (+15.0ms)
      LT: 567.5ms â†’ 621.0ms (+53.4ms)
      LY: 572.7ms â†’ 672.0ms (+99.3ms)
      LU: 519.6ms â†’ 575.5ms (+55.9ms)
      LI: 452.3ms â†’ 572.7ms (+120.4ms)
      LO: 456.4ms â†’ 551.1ms (+94.7ms)
      LP: 509.0ms â†’ 529.8ms (+20.8ms)
      LA: 419.5ms â†’ 530.1ms (+110.6ms)
      LS: 473.5ms â†’ 530.7ms (+57.2ms)
      LD: 481.9ms â†’ 558.4ms (+76.5ms)
      LF: 507.0ms â†’ 542.1ms (+35.0ms)
      LG: 601.6ms â†’ 613.2ms (+11.6ms)
      LK: 513.9ms â†’ 535.0ms (+21.1ms)
      LL: 535.7ms â†’ 651.4ms (+115.7ms)
      LX: 633.8ms â†’ 650.1ms (+16.3ms)
      LC: 534.6ms â†’ 562.8ms (+28.2ms)
      LV: 595.7ms â†’ 607.9ms (+12.2ms)
      LB: 584.7ms â†’ 596.1ms (+11.4ms)
      LN: 558.9ms â†’ 581.8ms (+22.9ms)
      ZE: 536.7ms â†’ 559.0ms (+22.3ms)
      ZT: 574.1ms â†’ 606.8ms (+32.7ms)
      ZU: 553.8ms â†’ 564.0ms (+10.3ms)
      ZI: 505.6ms â†’ 535.6ms (+30.0ms)
      ZP: 578.4ms â†’ 617.6ms (+39.2ms)
      ZA: 496.9ms â†’ 522.9ms (+26.0ms)
      ZX: 553.5ms â†’ 578.0ms (+24.5ms)
      XQ: 615.0ms â†’ 626.0ms (+11.0ms)
      XE: 510.2ms â†’ 633.2ms (+123.0ms)
      XR: 554.0ms â†’ 612.8ms (+58.8ms)
      XT: 551.6ms â†’ 655.0ms (+103.4ms)
      XY: 591.0ms â†’ 621.9ms (+30.9ms)
      XU: 550.9ms â†’ 612.2ms (+61.3ms)
      XI: 490.7ms â†’ 571.4ms (+80.7ms)
      XO: 508.8ms â†’ 644.6ms (+135.8ms)
      XA: 524.6ms â†’ 636.4ms (+111.8ms)
      XS: 498.0ms â†’ 520.8ms (+22.8ms)
      XH: 575.0ms â†’ 692.8ms (+117.8ms)
      XK: 622.5ms â†’ 674.6ms (+52.1ms)
      XL: 540.9ms â†’ 599.6ms (+58.7ms)
      XX: 550.9ms â†’ 594.6ms (+43.7ms)
      CE: 465.4ms â†’ 603.9ms (+138.5ms)
      CY: 498.2ms â†’ 508.6ms (+10.4ms)
      CI: 441.9ms â†’ 521.0ms (+79.0ms)
      CO: 412.5ms â†’ 453.0ms (+40.4ms)
      CA: 419.9ms â†’ 476.8ms (+56.9ms)
      VE: 425.6ms â†’ 541.3ms (+115.7ms)
      VR: 496.1ms â†’ 546.8ms (+50.7ms)
      VT: 541.6ms â†’ 561.3ms (+19.7ms)
      VY: 569.6ms â†’ 633.4ms (+63.9ms)
      VU: 491.4ms â†’ 556.8ms (+65.4ms)
      VI: 459.9ms â†’ 509.5ms (+49.6ms)
      VO: 446.8ms â†’ 514.0ms (+67.2ms)
      VA: 446.8ms â†’ 504.9ms (+58.1ms)
      VS: 447.4ms â†’ 479.8ms (+32.4ms)
      VJ: 567.2ms â†’ 590.2ms (+23.0ms)
      VL: 516.7ms â†’ 590.2ms (+73.5ms)
      VV: 500.8ms â†’ 516.5ms (+15.7ms)
      BQ: 695.1ms â†’ 706.6ms (+11.5ms)
      BW: 527.6ms â†’ 538.9ms (+11.3ms)
      BE: 437.0ms â†’ 563.7ms (+126.7ms)
      BR: 469.9ms â†’ 484.2ms (+14.3ms)
      BT: 540.0ms â†’ 695.6ms (+155.6ms)
      BY: 518.0ms â†’ 565.5ms (+47.5ms)
      BU: 471.5ms â†’ 514.0ms (+42.5ms)
      BI: 478.0ms â†’ 566.7ms (+88.7ms)
      BO: 470.0ms â†’ 573.8ms (+103.8ms)
      BP: 678.6ms â†’ 690.2ms (+11.6ms)
      BA: 440.0ms â†’ 529.7ms (+89.7ms)
      BS: 526.7ms â†’ 635.4ms (+108.7ms)
      BD: 546.8ms â†’ 724.1ms (+177.3ms)
      BF: 581.0ms â†’ 620.3ms (+39.3ms)
      BG: 585.0ms â†’ 733.8ms (+148.8ms)
      BH: 503.2ms â†’ 518.8ms (+15.6ms)
      BJ: 565.9ms â†’ 581.7ms (+15.8ms)
      BK: 576.5ms â†’ 610.9ms (+34.4ms)
      BL: 498.8ms â†’ 537.0ms (+38.3ms)
      BX: 606.6ms â†’ 704.8ms (+98.2ms)
      BC: 574.0ms â†’ 608.5ms (+34.5ms)
      BB: 534.1ms â†’ 575.0ms (+40.9ms)
      BN: 512.4ms â†’ 537.5ms (+25.1ms)
      NE: 469.2ms â†’ 605.0ms (+135.7ms)
      NY: 586.2ms â†’ 624.0ms (+37.8ms)
      NU: 544.7ms â†’ 596.1ms (+51.4ms)
      NI: 503.8ms â†’ 589.6ms (+85.8ms)
      NO: 514.0ms â†’ 602.4ms (+88.4ms)
      NP: 604.4ms â†’ 678.8ms (+74.4ms)
      NA: 451.2ms â†’ 565.7ms (+114.5ms)
      NS: 546.7ms â†’ 592.9ms (+46.2ms)
      NL: 582.3ms â†’ 592.4ms (+10.1ms)
      NV: 588.6ms â†’ 634.2ms (+45.6ms)
      NB: 601.7ms â†’ 615.8ms (+14.0ms)
      NN: 558.5ms â†’ 605.5ms (+47.0ms)
   âœ… Applied corrections to 620/1024 key-pairs
      Average correction: 38.9ms

ðŸ”„ Applying mirror-based conservative debiasing...
      QQ: 614.5ms â†’ 685.2ms (+70.8ms, mirror: PP)
      QW: 520.8ms â†’ 645.1ms (+124.3ms, mirror: PO)
      QE: 537.6ms â†’ 636.8ms (+99.2ms, mirror: PI)
      QR: 565.9ms â†’ 678.2ms (+112.3ms, mirror: PU)
      QU: 607.5ms â†’ 686.5ms (+79.0ms, mirror: PR)
      QI: 583.5ms â†’ 627.2ms (+43.7ms, mirror: PE)
      QO: 598.1ms â†’ 680.5ms (+82.4ms, mirror: PW)
      QA: 545.0ms â†’ 629.1ms (+84.1ms, mirror: P;)
      QS: 615.5ms â†’ 656.1ms (+40.7ms, mirror: PL)
      QD: 614.0ms â†’ 653.2ms (+39.3ms, mirror: PK)
      QF: 593.7ms â†’ 708.7ms (+115.0ms, mirror: PJ)
      QH: 652.5ms â†’ 769.4ms (+116.9ms, mirror: PG)
      Q;: 613.6ms â†’ 629.1ms (+15.5ms, mirror: P')
      QC: 608.2ms â†’ 629.1ms (+20.9ms, mirror: P,)
      QM: 623.7ms â†’ 706.8ms (+83.2ms, mirror: PV)
      Q,: 574.1ms â†’ 626.3ms (+52.2ms, mirror: PC)
      Q.: 667.7ms â†’ 722.9ms (+55.2ms, mirror: PX)
      Q/: 706.4ms â†’ 757.4ms (+51.1ms, mirror: PZ)
      Q': 613.6ms â†’ 629.1ms (+15.5ms, mirror: P;)
      Q[: 613.6ms â†’ 685.2ms (+71.6ms, mirror: PP)
      WQ: 501.8ms â†’ 518.4ms (+16.6ms, mirror: OP)
      WR: 484.3ms â†’ 576.6ms (+92.3ms, mirror: OU)
      WU: 555.1ms â†’ 584.6ms (+29.5ms, mirror: OR)
      WO: 522.6ms â†’ 541.0ms (+18.3ms, mirror: OW)
      WS: 508.3ms â†’ 536.9ms (+28.6ms, mirror: OL)
      WD: 497.0ms â†’ 514.0ms (+17.0ms, mirror: OK)
      WF: 500.7ms â†’ 522.1ms (+21.3ms, mirror: OJ)
      WJ: 586.9ms â†’ 613.3ms (+26.4ms, mirror: OF)
      WL: 505.5ms â†’ 518.3ms (+12.8ms, mirror: OS)
      W,: 486.9ms â†’ 539.9ms (+53.0ms, mirror: OC)
      W.: 503.9ms â†’ 554.7ms (+50.8ms, mirror: OX)
      W[: 457.6ms â†’ 518.4ms (+60.8ms, mirror: OP)
      EQ: 500.5ms â†’ 519.3ms (+18.9ms, mirror: IP)
      EW: 441.0ms â†’ 582.6ms (+141.6ms, mirror: IO)
      EU: 484.7ms â†’ 498.4ms (+13.6ms, mirror: IR)
      EI: 476.4ms â†’ 521.0ms (+44.7ms, mirror: IE)
      EO: 483.5ms â†’ 530.9ms (+47.4ms, mirror: IW)
      EF: 464.6ms â†’ 521.8ms (+57.2ms, mirror: IJ)
      EH: 477.6ms â†’ 546.6ms (+69.0ms, mirror: IG)
      EK: 457.3ms â†’ 507.0ms (+49.7ms, mirror: ID)
      EL: 500.1ms â†’ 572.5ms (+72.3ms, mirror: IS)
      E;: 442.7ms â†’ 471.6ms (+29.0ms, mirror: I')
      EM: 397.6ms â†’ 542.3ms (+144.7ms, mirror: IV)
      E,: 407.4ms â†’ 519.6ms (+112.2ms, mirror: IC)
      E.: 471.3ms â†’ 629.2ms (+157.9ms, mirror: IX)
      E/: 457.5ms â†’ 510.4ms (+52.9ms, mirror: IZ)
      E': 442.7ms â†’ 471.6ms (+29.0ms, mirror: I;)
      E[: 443.5ms â†’ 519.3ms (+75.8ms, mirror: IP)
      RW: 472.3ms â†’ 524.8ms (+52.6ms, mirror: UO)
      RU: 525.8ms â†’ 539.9ms (+14.1ms, mirror: UR)
      RO: 523.2ms â†’ 559.5ms (+36.3ms, mirror: UW)
      RS: 541.3ms â†’ 607.9ms (+66.6ms, mirror: UL)
      RF: 479.2ms â†’ 588.2ms (+109.0ms, mirror: UJ)
      RH: 518.2ms â†’ 535.5ms (+17.3ms, mirror: UG)
      R;: 475.5ms â†’ 502.7ms (+27.2ms, mirror: U')
      RV: 507.6ms â†’ 529.2ms (+21.6ms, mirror: UM)
      RM: 465.7ms â†’ 614.3ms (+148.6ms, mirror: UV)
      R,: 488.9ms â†’ 509.8ms (+20.9ms, mirror: UC)
      R.: 581.7ms â†’ 660.5ms (+78.8ms, mirror: UX)
      R/: 546.7ms â†’ 568.9ms (+22.2ms, mirror: UZ)
      R': 475.5ms â†’ 502.7ms (+27.2ms, mirror: U;)
      R[: 489.8ms â†’ 558.7ms (+68.9ms, mirror: UP)
      UE: 508.5ms â†’ 551.8ms (+43.3ms, mirror: RI)
      UU: 506.7ms â†’ 528.3ms (+21.6ms, mirror: RR)
      UI: 501.2ms â†’ 577.0ms (+75.8ms, mirror: RE)
      UD: 509.0ms â†’ 529.6ms (+20.6ms, mirror: RK)
      UF: 522.6ms â†’ 559.9ms (+37.3ms, mirror: RJ)
      UH: 517.8ms â†’ 538.2ms (+20.4ms, mirror: RG)
      U,: 509.1ms â†’ 536.1ms (+27.0ms, mirror: RC)
      U.: 602.7ms â†’ 642.7ms (+40.0ms, mirror: RX)
      U[: 524.1ms â†’ 542.1ms (+18.0ms, mirror: RP)
      IU: 519.4ms â†’ 570.9ms (+51.6ms, mirror: ER)
      II: 494.4ms â†’ 536.2ms (+41.9ms, mirror: EE)
      IH: 517.7ms â†’ 545.3ms (+27.6ms, mirror: EG)
      IK: 503.2ms â†’ 570.3ms (+67.1ms, mirror: ED)
      IL: 571.6ms â†’ 582.7ms (+11.0ms, mirror: ES)
      I,: 482.0ms â†’ 528.3ms (+46.3ms, mirror: EC)
      I.: 491.3ms â†’ 566.1ms (+74.7ms, mirror: EX)
      I/: 510.6ms â†’ 550.5ms (+39.9ms, mirror: EZ)
      I[: 493.0ms â†’ 525.5ms (+32.5ms, mirror: EP)
      OE: 474.5ms â†’ 554.0ms (+79.4ms, mirror: WI)
      OA: 457.7ms â†’ 514.3ms (+56.6ms, mirror: W;)
      OG: 548.3ms â†’ 661.8ms (+113.5ms, mirror: WH)
      OH: 535.4ms â†’ 652.1ms (+116.7ms, mirror: WG)
      O;: 455.2ms â†’ 514.3ms (+59.1ms, mirror: W')
      OM: 447.5ms â†’ 555.6ms (+108.0ms, mirror: WV)
      O,: 493.8ms â†’ 505.3ms (+11.5ms, mirror: WC)
      O.: 535.6ms â†’ 550.5ms (+14.9ms, mirror: WX)
      O/: 547.0ms â†’ 558.3ms (+11.3ms, mirror: WZ)
      O': 455.2ms â†’ 514.3ms (+59.1ms, mirror: W;)
      O[: 522.8ms â†’ 537.9ms (+15.1ms, mirror: WP)
      AQ: 485.8ms â†’ 581.5ms (+95.7ms, mirror: ;P)
      AW: 470.3ms â†’ 495.0ms (+24.7ms, mirror: ;O)
      AE: 470.2ms â†’ 494.6ms (+24.4ms, mirror: ;I)
      AU: 486.4ms â†’ 530.3ms (+43.9ms, mirror: ;R)
      AO: 503.2ms â†’ 576.1ms (+72.9ms, mirror: ;W)
      AP: 499.9ms â†’ 552.0ms (+52.1ms, mirror: ;[)
      AA: 441.2ms â†’ 552.0ms (+110.8ms, mirror: ;;)
      AS: 504.5ms â†’ 531.0ms (+26.5ms, mirror: ;L)
      AD: 491.8ms â†’ 558.3ms (+66.5ms, mirror: ;K)
      AF: 442.5ms â†’ 627.9ms (+185.4ms, mirror: ;J)
      AG: 502.2ms â†’ 568.5ms (+66.4ms, mirror: ;H)
      AH: 470.4ms â†’ 615.0ms (+144.6ms, mirror: ;G)
      AJ: 487.0ms â†’ 547.4ms (+60.5ms, mirror: ;F)
      AK: 466.6ms â†’ 532.2ms (+65.7ms, mirror: ;D)
      A;: 433.3ms â†’ 552.0ms (+118.7ms, mirror: ;')
      AZ: 486.8ms â†’ 552.0ms (+65.2ms, mirror: ;/)
      AC: 525.9ms â†’ 552.0ms (+26.1ms, mirror: ;,)
      AM: 385.1ms â†’ 612.0ms (+226.9ms, mirror: ;V)
      A,: 433.3ms â†’ 549.0ms (+115.7ms, mirror: ;C)
      A.: 433.3ms â†’ 636.2ms (+202.8ms, mirror: ;X)
      A/: 433.3ms â†’ 618.2ms (+184.9ms, mirror: ;Z)
      A': 433.3ms â†’ 552.0ms (+118.7ms, mirror: ;;)
      A[: 433.3ms â†’ 581.5ms (+148.1ms, mirror: ;P)
      SW: 493.0ms â†’ 551.1ms (+58.1ms, mirror: LO)
      SR: 491.5ms â†’ 575.5ms (+83.9ms, mirror: LU)
      SU: 553.8ms â†’ 578.9ms (+25.1ms, mirror: LR)
      SA: 510.4ms â†’ 535.7ms (+25.3ms, mirror: L;)
      SS: 566.8ms â†’ 651.4ms (+84.6ms, mirror: LL)
      SD: 441.0ms â†’ 535.0ms (+94.0ms, mirror: LK)
      SF: 482.6ms â†’ 689.9ms (+207.3ms, mirror: LJ)
      SH: 533.5ms â†’ 613.2ms (+79.7ms, mirror: LG)
      SK: 487.9ms â†’ 558.4ms (+70.4ms, mirror: LD)
      SL: 476.9ms â†’ 530.7ms (+53.8ms, mirror: LS)
      S;: 469.9ms â†’ 535.7ms (+65.8ms, mirror: L')
      SM: 477.1ms â†’ 607.9ms (+130.8ms, mirror: LV)
      S,: 536.9ms â†’ 562.8ms (+25.9ms, mirror: LC)
      S.: 636.1ms â†’ 650.1ms (+14.0ms, mirror: LX)
      S': 469.9ms â†’ 535.7ms (+65.8ms, mirror: L;)
      S[: 511.3ms â†’ 529.8ms (+18.5ms, mirror: LP)
      DQ: 594.6ms â†’ 609.7ms (+15.2ms, mirror: KP)
      DW: 459.4ms â†’ 529.7ms (+70.4ms, mirror: KO)
      DR: 481.7ms â†’ 558.2ms (+76.5ms, mirror: KU)
      DU: 474.3ms â†’ 566.4ms (+92.1ms, mirror: KR)
      DI: 512.9ms â†’ 535.6ms (+22.7ms, mirror: KE)
      DO: 472.7ms â†’ 613.0ms (+140.3ms, mirror: KW)
      DP: 520.6ms â†’ 578.8ms (+58.2ms, mirror: K[)
      DA: 447.1ms â†’ 606.2ms (+159.1ms, mirror: K;)
      DS: 467.9ms â†’ 532.2ms (+64.3ms, mirror: KL)
      DD: 482.4ms â†’ 609.2ms (+126.8ms, mirror: KK)
      DF: 427.8ms â†’ 644.1ms (+216.3ms, mirror: KJ)
      DG: 554.5ms â†’ 653.6ms (+99.1ms, mirror: KH)
      DH: 503.0ms â†’ 663.7ms (+160.7ms, mirror: KG)
      DJ: 517.3ms â†’ 628.1ms (+110.8ms, mirror: KF)
      DK: 506.0ms â†’ 604.9ms (+98.9ms, mirror: KD)
      DL: 476.8ms â†’ 563.7ms (+86.9ms, mirror: KS)
      D;: 451.1ms â†’ 606.2ms (+155.1ms, mirror: K')
      DZ: 502.8ms â†’ 566.4ms (+63.6ms, mirror: K/)
      DX: 498.5ms â†’ 555.5ms (+56.9ms, mirror: K.)
      DC: 466.3ms â†’ 509.8ms (+43.5ms, mirror: K,)
      DV: 445.3ms â†’ 558.6ms (+113.3ms, mirror: KM)
      DM: 451.1ms â†’ 661.6ms (+210.5ms, mirror: KV)
      D,: 554.2ms â†’ 620.2ms (+65.9ms, mirror: KC)
      D.: 615.7ms â†’ 682.0ms (+66.3ms, mirror: KX)
      D/: 620.3ms â†’ 685.0ms (+64.7ms, mirror: KZ)
      D': 451.1ms â†’ 606.2ms (+155.1ms, mirror: K;)
      D[: 541.6ms â†’ 609.7ms (+68.1ms, mirror: KP)
      FA: 562.9ms â†’ 633.9ms (+71.0ms, mirror: J;)
      FS: 546.1ms â†’ 617.0ms (+70.9ms, mirror: JL)
      FG: 582.1ms â†’ 650.5ms (+68.5ms, mirror: JH)
      FH: 643.7ms â†’ 703.9ms (+60.3ms, mirror: JG)
      F;: 592.9ms â†’ 633.9ms (+41.0ms, mirror: J')
      FM: 612.1ms â†’ 657.8ms (+45.7ms, mirror: JV)
      F': 592.9ms â†’ 633.9ms (+41.0ms, mirror: J;)
      GQ: 619.6ms â†’ 690.9ms (+71.3ms, mirror: HP)
      GW: 617.5ms â†’ 667.7ms (+50.2ms, mirror: HO)
      GE: 517.5ms â†’ 691.7ms (+174.1ms, mirror: HI)
      GR: 555.2ms â†’ 605.5ms (+50.3ms, mirror: HU)
      GU: 495.5ms â†’ 647.7ms (+152.1ms, mirror: HR)
      GI: 506.0ms â†’ 780.8ms (+274.7ms, mirror: HE)
      GO: 495.8ms â†’ 694.8ms (+199.0ms, mirror: HW)
      GP: 604.9ms â†’ 715.4ms (+110.5ms, mirror: H[)
      GA: 509.4ms â†’ 656.5ms (+147.1ms, mirror: H;)
      GS: 559.0ms â†’ 670.0ms (+111.1ms, mirror: HL)
      GD: 602.8ms â†’ 719.6ms (+116.9ms, mirror: HK)
      GF: 468.5ms â†’ 718.4ms (+249.9ms, mirror: HJ)
      GG: 516.1ms â†’ 659.7ms (+143.6ms, mirror: HH)
      GH: 527.8ms â†’ 676.4ms (+148.6ms, mirror: HG)
      GJ: 611.8ms â†’ 720.7ms (+109.0ms, mirror: HF)
      GK: 570.8ms â†’ 639.2ms (+68.4ms, mirror: HD)
      GL: 514.5ms â†’ 637.6ms (+123.1ms, mirror: HS)
      G;: 492.4ms â†’ 656.5ms (+164.1ms, mirror: H')
      GZ: 575.5ms â†’ 688.4ms (+112.9ms, mirror: H/)
      GX: 680.4ms â†’ 791.6ms (+111.3ms, mirror: H.)
      GC: 505.6ms â†’ 618.2ms (+112.6ms, mirror: H,)
      GV: 595.1ms â†’ 656.5ms (+61.5ms, mirror: HM)
      GM: 489.5ms â†’ 738.0ms (+248.5ms, mirror: HV)
      G,: 543.6ms â†’ 658.8ms (+115.3ms, mirror: HC)
      G.: 641.0ms â†’ 759.4ms (+118.4ms, mirror: HX)
      G/: 617.3ms â†’ 730.8ms (+113.5ms, mirror: HZ)
      G': 492.4ms â†’ 656.5ms (+164.1ms, mirror: H;)
      G[: 574.2ms â†’ 690.9ms (+116.7ms, mirror: HP)
      JW: 634.6ms â†’ 654.3ms (+19.8ms, mirror: FO)
      JE: 535.0ms â†’ 643.6ms (+108.6ms, mirror: FI)
      JR: 605.0ms â†’ 627.4ms (+22.4ms, mirror: FU)
      JU: 573.6ms â†’ 637.3ms (+63.7ms, mirror: FR)
      JI: 543.5ms â†’ 608.9ms (+65.4ms, mirror: FE)
      JO: 547.9ms â†’ 604.9ms (+57.0ms, mirror: FW)
      JP: 642.7ms â†’ 683.8ms (+41.1ms, mirror: F[)
      JA: 519.1ms â†’ 592.9ms (+73.8ms, mirror: F;)
      JD: 617.2ms â†’ 660.3ms (+43.1ms, mirror: FK)
      JJ: 635.2ms â†’ 651.0ms (+15.9ms, mirror: FF)
      JZ: 706.3ms â†’ 749.3ms (+43.0ms, mirror: F/)
      JX: 685.3ms â†’ 727.0ms (+41.7ms, mirror: F.)
      JC: 640.7ms â†’ 682.9ms (+42.2ms, mirror: F,)
      JM: 574.7ms â†’ 586.0ms (+11.3ms, mirror: FV)
      J,: 550.1ms â†’ 593.7ms (+43.6ms, mirror: FC)
      J.: 607.9ms â†’ 654.4ms (+46.5ms, mirror: FX)
      J/: 672.7ms â†’ 716.3ms (+43.6ms, mirror: FZ)
      J[: 661.8ms â†’ 706.9ms (+45.1ms, mirror: FP)
      LI: 572.7ms â†’ 582.8ms (+10.1ms, mirror: SE)
      LF: 542.1ms â†’ 568.7ms (+26.6ms, mirror: SJ)
      LH: 610.4ms â†’ 621.4ms (+10.9ms, mirror: SG)
      LM: 490.6ms â†’ 518.1ms (+27.4ms, mirror: SV)
      L.: 490.6ms â†’ 552.7ms (+62.1ms, mirror: SX)
      L[: 456.2ms â†’ 525.0ms (+68.8ms, mirror: SP)
      ;E: 472.7ms â†’ 494.6ms (+21.9ms, mirror: 'I)
      ;O: 495.0ms â†’ 576.1ms (+81.1ms, mirror: 'W)
      ;A: 471.0ms â†’ 552.0ms (+81.0ms, mirror: ';)
      ;S: 513.9ms â†’ 531.0ms (+17.1ms, mirror: 'L)
      ;D: 532.2ms â†’ 558.3ms (+26.0ms, mirror: 'K)
      ;F: 547.4ms â†’ 627.9ms (+80.5ms, mirror: 'J)
      ;H: 568.5ms â†’ 615.0ms (+46.5ms, mirror: 'G)
      ;M: 545.0ms â†’ 612.0ms (+67.0ms, mirror: 'V)
      ;.: 552.0ms â†’ 636.2ms (+84.2ms, mirror: 'X)
      ;/: 552.0ms â†’ 618.2ms (+66.2ms, mirror: 'Z)
      ;[: 552.0ms â†’ 581.5ms (+29.5ms, mirror: 'P)
      ZR: 557.4ms â†’ 568.2ms (+10.8ms, mirror: /U)
      ZA: 522.9ms â†’ 552.0ms (+29.1ms, mirror: /;)
      ZS: 569.1ms â†’ 579.6ms (+10.5ms, mirror: /L)
      ZD: 539.7ms â†’ 551.1ms (+11.3ms, mirror: /K)
      ZG: 711.9ms â†’ 722.9ms (+11.0ms, mirror: /H)
      ZJ: 697.0ms â†’ 708.0ms (+11.0ms, mirror: /F)
      ZK: 591.8ms â†’ 603.0ms (+11.2ms, mirror: /D)
      ZV: 681.1ms â†’ 691.5ms (+10.4ms, mirror: /M)
      ZM: 568.5ms â†’ 579.9ms (+11.4ms, mirror: /V)
      Z.: 570.8ms â†’ 636.2ms (+65.4ms, mirror: /X)
      Z/: 570.8ms â†’ 618.2ms (+47.5ms, mirror: /Z)
      Z[: 570.8ms â†’ 581.5ms (+10.7ms, mirror: /P)
      X.: 550.9ms â†’ 615.2ms (+64.3ms, mirror: .X)
      X/: 550.9ms â†’ 597.2ms (+46.3ms, mirror: .Z)
      CA: 476.8ms â†’ 507.5ms (+30.7ms, mirror: ,;)
      C;: 488.3ms â†’ 507.5ms (+19.2ms, mirror: ,')
      CC: 489.5ms â†’ 507.5ms (+18.0ms, mirror: ,,)
      C,: 488.3ms â†’ 504.5ms (+16.2ms, mirror: ,C)
      C.: 488.3ms â†’ 591.7ms (+103.3ms, mirror: ,X)
      C/: 488.3ms â†’ 573.8ms (+85.4ms, mirror: ,Z)
      C': 488.3ms â†’ 507.5ms (+19.2ms, mirror: ,;)
      C[: 488.3ms â†’ 537.0ms (+48.6ms, mirror: ,P)
      VO: 514.0ms â†’ 687.1ms (+173.1ms, mirror: MW)
      VP: 576.5ms â†’ 607.2ms (+30.7ms, mirror: M[)
      VA: 504.9ms â†’ 569.9ms (+65.0ms, mirror: M;)
      VS: 479.8ms â†’ 530.2ms (+50.4ms, mirror: ML)
      VD: 496.9ms â†’ 549.9ms (+53.0ms, mirror: MK)
      VF: 474.7ms â†’ 622.8ms (+148.1ms, mirror: MJ)
      VH: 504.2ms â†’ 607.7ms (+103.5ms, mirror: MG)
      VK: 509.7ms â†’ 554.1ms (+44.5ms, mirror: MD)
      V;: 500.8ms â†’ 569.9ms (+69.1ms, mirror: M')
      VZ: 526.0ms â†’ 559.5ms (+33.5ms, mirror: M/)
      VX: 541.1ms â†’ 568.8ms (+27.7ms, mirror: M.)
      VC: 486.4ms â†’ 511.2ms (+24.8ms, mirror: M,)
      VV: 516.5ms â†’ 569.9ms (+53.4ms, mirror: MM)
      VM: 557.1ms â†’ 657.3ms (+100.2ms, mirror: MV)
      V,: 527.6ms â†’ 561.6ms (+34.0ms, mirror: MC)
      V.: 588.8ms â†’ 622.9ms (+34.0ms, mirror: MX)
      V/: 612.3ms â†’ 646.4ms (+34.0ms, mirror: MZ)
      V': 500.8ms â†’ 569.9ms (+69.1ms, mirror: M;)
      V[: 542.4ms â†’ 576.4ms (+34.0ms, mirror: MP)
      ME: 448.2ms â†’ 509.5ms (+61.3ms, mirror: VI)
      MR: 534.1ms â†’ 556.8ms (+22.7ms, mirror: VU)
      MI: 498.0ms â†’ 541.3ms (+43.3ms, mirror: VE)
      MO: 489.0ms â†’ 501.5ms (+12.6ms, mirror: VW)
      MA: 432.0ms â†’ 500.8ms (+68.8ms, mirror: V;)
      MS: 491.7ms â†’ 590.2ms (+98.5ms, mirror: VL)
      MF: 574.0ms â†’ 590.2ms (+16.2ms, mirror: VJ)
      ,W: 412.5ms â†’ 453.0ms (+40.4ms, mirror: CO)
      ,E: 441.9ms â†’ 521.0ms (+79.0ms, mirror: CI)
      ,I: 465.4ms â†’ 603.9ms (+138.5ms, mirror: CE)
      ,A: 426.5ms â†’ 488.3ms (+61.8ms, mirror: C;)
      .W: 508.8ms â†’ 644.6ms (+135.8ms, mirror: XO)
      .E: 490.7ms â†’ 571.4ms (+80.7ms, mirror: XI)
      .R: 550.9ms â†’ 612.2ms (+61.3ms, mirror: XU)
      .U: 554.0ms â†’ 612.8ms (+58.8ms, mirror: XR)
      .I: 510.2ms â†’ 633.2ms (+123.0ms, mirror: XE)
      .A: 450.0ms â†’ 550.9ms (+100.9ms, mirror: X;)
      .S: 540.9ms â†’ 599.6ms (+58.7ms, mirror: XL)
      .D: 622.5ms â†’ 674.6ms (+52.1ms, mirror: XK)
      .G: 575.0ms â†’ 692.8ms (+117.8ms, mirror: XH)
      .L: 498.0ms â†’ 520.8ms (+22.8ms, mirror: XS)
      .;: 531.0ms â†’ 550.9ms (+19.9ms, mirror: X')
      .C: 528.0ms â†’ 550.9ms (+22.9ms, mirror: X,)
      ..: 531.0ms â†’ 594.6ms (+63.6ms, mirror: XX)
      .': 531.0ms â†’ 550.9ms (+19.9ms, mirror: X;)
      /Q: 589.8ms â†’ 617.6ms (+27.8ms, mirror: ZP)
      /E: 517.0ms â†’ 535.6ms (+18.6ms, mirror: ZI)
      /I: 548.1ms â†’ 559.0ms (+10.9ms, mirror: ZE)
      /A: 471.0ms â†’ 570.8ms (+99.8ms, mirror: Z;)
      /;: 552.0ms â†’ 570.8ms (+18.8ms, mirror: Z')
      /C: 549.0ms â†’ 570.8ms (+21.7ms, mirror: Z,)
      /.: 564.9ms â†’ 578.0ms (+13.1ms, mirror: ZX)
      //: 552.0ms â†’ 578.5ms (+26.5ms, mirror: ZZ)
      /': 552.0ms â†’ 570.8ms (+18.8ms, mirror: Z;)
      /[: 589.8ms â†’ 617.6ms (+27.8ms, mirror: ZP)
      'E: 472.7ms â†’ 494.6ms (+21.9ms, mirror: ;I)
      'O: 495.0ms â†’ 576.1ms (+81.1ms, mirror: ;W)
      'A: 471.0ms â†’ 552.0ms (+81.0ms, mirror: ;;)
      'S: 513.9ms â†’ 531.0ms (+17.1ms, mirror: ;L)
      'D: 532.2ms â†’ 558.3ms (+26.0ms, mirror: ;K)
      'F: 547.4ms â†’ 627.9ms (+80.5ms, mirror: ;J)
      'H: 568.5ms â†’ 615.0ms (+46.5ms, mirror: ;G)
      'M: 545.0ms â†’ 612.0ms (+67.0ms, mirror: ;V)
      '.: 552.0ms â†’ 636.2ms (+84.2ms, mirror: ;X)
      '/: 552.0ms â†’ 618.2ms (+66.2ms, mirror: ;Z)
      '[: 552.0ms â†’ 581.5ms (+29.5ms, mirror: ;P)
      [Q: 658.6ms â†’ 685.2ms (+26.6ms, mirror: PP)
      [W: 502.0ms â†’ 645.1ms (+143.1ms, mirror: PO)
      [E: 531.9ms â†’ 636.8ms (+104.9ms, mirror: PI)
      [R: 577.5ms â†’ 678.2ms (+100.7ms, mirror: PU)
      [U: 530.0ms â†’ 686.5ms (+156.5ms, mirror: PR)
      [I: 470.3ms â†’ 627.2ms (+156.9ms, mirror: PE)
      [O: 623.9ms â†’ 680.5ms (+56.6ms, mirror: PW)
      [P: 581.5ms â†’ 629.1ms (+47.6ms, mirror: P[)
      [A: 471.0ms â†’ 629.1ms (+158.1ms, mirror: P;)
      [S: 526.5ms â†’ 656.1ms (+129.6ms, mirror: PL)
      [D: 597.6ms â†’ 653.2ms (+55.7ms, mirror: PK)
      [F: 655.8ms â†’ 708.7ms (+52.8ms, mirror: PJ)
      [G: 585.0ms â†’ 683.2ms (+98.2ms, mirror: PH)
      [H: 714.8ms â†’ 769.4ms (+54.6ms, mirror: PG)
      [J: 574.0ms â†’ 631.1ms (+57.1ms, mirror: PF)
      [K: 577.0ms â†’ 633.6ms (+56.6ms, mirror: PD)
      [L: 492.8ms â†’ 579.8ms (+87.0ms, mirror: PS)
      [;: 552.0ms â†’ 629.1ms (+77.1ms, mirror: P')
      [Z: 618.2ms â†’ 629.1ms (+10.8ms, mirror: P/)
      [C: 549.0ms â†’ 629.1ms (+80.0ms, mirror: P,)
      [V: 576.0ms â†’ 627.6ms (+51.6ms, mirror: PM)
      [M: 650.0ms â†’ 706.8ms (+56.8ms, mirror: PV)
      [,: 572.8ms â†’ 626.3ms (+53.6ms, mirror: PC)
      [.: 666.4ms â†’ 722.9ms (+56.5ms, mirror: PX)
      [/: 705.0ms â†’ 757.4ms (+52.4ms, mirror: PZ)
      [': 552.0ms â†’ 629.1ms (+77.1ms, mirror: P;)
      [[: 552.0ms â†’ 685.2ms (+133.2ms, mirror: PP)
   âœ… Applied mirror corrections to 402 key-pairs
      Average adjustment: 58.5ms

ðŸ” Validating debiasing effectiveness...
   ðŸ“Š High frequency pairs:
      Original: 465.1ms
      Debiased: 578.7ms
   ðŸ“Š Low frequency pairs:
      Original: 613.3ms
      Debiased: 614.2ms
   ðŸŽ¯ Bias reduction: 148.2ms â†’ 35.5ms
   Status: âœ… Bias reduced

ðŸ” Validating mirror debiasing effectiveness...
   ðŸ“Š Mirror pair consistency: 93.4% (732/784)
   Status: âš ï¸ Some mirror pairs still inconsistent
âœ… Saved 1024 debiased key-pair times to: ../tables/keypair_time_scores.csv

ðŸ“Š Output Validation Results:
   Total key-pairs: 1024
   Expected count: 1024
   Match: âœ…
   Time score range: 421.7 to 887.3ms
   Average time: 592.7ms
   Negative or zero time scores: 0 âœ…

âœ… Output validation complete!

âœ… Time generation with integrated debiasing complete: ../tables/keypair_time_scores.csv
ðŸŽ¯ Output is layout-agnostic and ready for dual framework analysis!
